#
# A fatal error has been detected by the Java Runtime Environment:
#
#  EXCEPTION_ACCESS_VIOLATION (0xc0000005) at pc=0x0000000000000000, pid=6380, tid=5428
#
# JRE version: OpenJDK Runtime Environment Temurin-17.0.17+10 (17.0.17+10) (build 17.0.17+10)
# Java VM: OpenJDK 64-Bit Server VM Temurin-17.0.17+10 (17.0.17+10, mixed mode, sharing, tiered, compressed oops, compressed class ptrs, g1 gc, windows-amd64)
# Problematic frame:
# V  [jvm.dll+0x30acca]
#
# No core dump will be written. Minidumps are not enabled by default on client versions of Windows
#
# If you would like to submit a bug report, please visit:
#   https://github.com/adoptium/adoptium-support/issues
#

---------------  S U M M A R Y ------------

Command Line: --add-opens=java.base/java.lang=ALL-UNNAMED --add-opens=java.base/java.lang.invoke=ALL-UNNAMED --add-opens=java.base/java.util=ALL-UNNAMED --add-opens=java.prefs/java.util.prefs=ALL-UNNAMED --add-exports=jdk.compiler/com.sun.tools.javac.api=ALL-UNNAMED --add-exports=jdk.compiler/com.sun.tools.javac.util=ALL-UNNAMED --add-opens=java.base/java.util=ALL-UNNAMED --add-opens=java.prefs/java.util.prefs=ALL-UNNAMED --add-opens=java.base/java.nio.charset=ALL-UNNAMED --add-opens=java.base/java.net=ALL-UNNAMED --add-opens=java.base/java.util.concurrent=ALL-UNNAMED --add-opens=java.base/java.util.concurrent.atomic=ALL-UNNAMED --add-opens=java.xml/javax.xml.namespace=ALL-UNNAMED --add-opens=java.base/java.time=ALL-UNNAMED -Xmx2048m -Dfile.encoding=UTF-8 -Duser.country=PH -Duser.language=en -Duser.variant -javaagent:C:\Users\Admin\.gradle\wrapper\dists\gradle-9.2.1-bin\2t0n5ozlw9xmuyvbp7dnzaxug\gradle-9.2.1\lib\agents\gradle-instrumentation-agent-9.2.1.jar org.gradle.launcher.daemon.bootstrap.GradleDaemon 9.2.1

Host: AMD Ryzen 5 5600GT with Radeon Graphics        , 12 cores, 31G,  Windows 11 , 64 bit Build 26100 (10.0.26100.8246)
Time: Tue May  5 19:13:24 2026 Malay Peninsula Standard Time elapsed time: 10.502497 seconds (0d 0h 0m 10s)

---------------  T H R E A D  ---------------

Current thread (0x0000016fc552d1f0):  GCTaskThread "GC Thread#3" [stack: 0x0000002f22b00000,0x0000002f22c00000] [id=5428]

Stack: [0x0000002f22b00000,0x0000002f22c00000],  sp=0x0000002f22bff520,  free space=1021k
Native frames: (J=compiled Java code, j=interpreted, Vv=VM code, C=native code)


siginfo: EXCEPTION_ACCESS_VIOLATION (0xc0000005), data execution prevention violation at address 0x0000000000000000


Registers:
RAX=0x0000016fc44cb0b0, RBX=0x0000000000000001, RCX=0x0000016f818e4a20, RDX=0x000000009f5732e0
RSP=0x0000002f22bff518, RBP=0x0000016f818e4a20, RSI=0x0000017006e6b870, RDI=0x0000017006e6b870
R8 =0x0000000000000000, R9 =0x0000016f818e4a20, R10=0x000000009f5732e0, R11=0x0000000000000001
R12=0x0000000000000004, R13=0x0000017006e6b870, R14=0x0000000000000000, R15=0x000000009f5732e0
RIP=0x0000000000000000, EFLAGS=0x0000000000010246

XMM[0]=0x0000000001869808 0x000000008c82fc13
XMM[1]=0x0000000000000002 0x0000000000000000
XMM[2]=0x0000004100010027 0x0009001f00000000
XMM[3]=0x0a00010000000a00 0x0100020d00000043
XMM[4]=0x00000046003d0002 0x0000004500030000
XMM[5]=0x817a451000000100 0xffffffff00000000
XMM[6]=0x0000000000000000 0x00000000063c6c9d
XMM[7]=0x0000000000000000 0x0000000000000000
XMM[8]=0x0000000000000000 0x0000000000000000
XMM[9]=0x0000000000000000 0x0000000000000000
XMM[10]=0x0000000000000000 0x0000000000000000
XMM[11]=0x0000000000000000 0x0000000000000000
XMM[12]=0x0000000000000000 0x0000000000000000
XMM[13]=0x0000000000000000 0x0000000000000000
XMM[14]=0x0000000000000000 0x0000000000000000
XMM[15]=0x0000000000000000 0x0000000000000000
  MXCSR=0x00001fa0


Register to memory mapping:

RIP=0x0 is NULL
RAX=0x0000016fc44cb0b0 is pointing into metadata
RBX=0x0000000000000001 is an unknown value
RCX=0x0000016f818e4a20 is pointing into metadata
RDX=
[error occurred during error reporting (printing register info), id 0xc0000005, EXCEPTION_ACCESS_VIOLATION (0xc0000005) at pc=0x0000000000000000]

Top of Stack: (sp=0x0000002f22bff518)
0x0000002f22bff518:   00007ffd8ad8acca 0000000000000001
0x0000002f22bff528:   0000000000000001 0000016f81870000
0x0000002f22bff538:   0000017006e6b9f0 0000016f819e9a48
0x0000002f22bff548:   00007ffd00000000 0000000000000008
0x0000002f22bff558:   0000016ffabfdf10 0000017006e6b870
0x0000002f22bff568:   0000000000000004 0000000000000000
0x0000002f22bff578:   0000000000000000 0000017006e6b870
0x0000002f22bff588:   0000017006e6b870 000000008c82fd20
0x0000002f22bff598:   0000000000000b86 000000008c82fd21
0x0000002f22bff5a8:   00007ffd8ad8bdc2 0000017006e60000
0x0000002f22bff5b8:   00007ffd8ad80001 0000000000000000
0x0000002f22bff5c8:   0000000000000001 0000016ffaf03800
0x0000002f22bff5d8:   0000016ffb11d7c0 0000017006e6b870
0x0000002f22bff5e8:   0000000087521228 0000016fdc469da0
0x0000002f22bff5f8:   00007ffd8ad8b978 000000009f5b164a
0x0000002f22bff608:   000000009f5b164a 0000000087521228
0x0000002f22bff618:   0000000087521228 0000000000000001
0x0000002f22bff628:   00007ffd8ad5f569 000000009f5b164a
0x0000002f22bff638:   0000000000000000 0000002f22bff700
0x0000002f22bff648:   0000002f22bff690 0000002f21afedf0
0x0000002f22bff658:   00007ffd8b0fd41f 0000000000000000
0x0000002f22bff668:   0000000000000000 0000000000000000
0x0000002f22bff678:   0000000000000000 0000000000000000
0x0000002f22bff688:   00007ffd8b278a37 0000016ffaf03800
0x0000002f22bff698:   0000016ffb11d7c0 00000000000003d8
0x0000002f22bff6a8:   0000016ffaf03be8 0000000000000001
0x0000002f22bff6b8:   00007ffd8ad5fc0a 0000017006e6b870
0x0000002f22bff6c8:   0000000000000013 0000002f21afedf0
0x0000002f22bff6d8:   0000000000000000 00007ffd8b3e0a60
0x0000002f22bff6e8:   0000000100000001 00000000063c6c9d
0x0000002f22bff6f8:   0000000000000000 00007ffd8b3d9198
0x0000002f22bff708:   0000000000000000 0000000000000000 

Instructions: (pc=0x00007ffd8ad8acca)
0x00007ffd8ad8abca:   8b 4f 08 49 c1 e1 03 66 c1 e8 08 4c 89 4c 24 28
0x00007ffd8ad8abda:   3c 01 44 8b 8c 24 90 00 00 00 48 8b 89 28 04 00
0x00007ffd8ad8abea:   00 0f 94 c0 88 44 24 20 e8 89 bb 01 00 eb 4e 80
0x00007ffd8ad8abfa:   3d 35 19 88 00 00 74 15 8b 55 08 8b 0d fd 56 81
0x00007ffd8ad8ac0a:   00 48 d3 e2 48 03 15 eb 56 81 00 eb 04 48 8b 55
0x00007ffd8ad8ac1a:   08 48 8b 4f 08 4e 8d 04 e5 00 00 00 00 80 7c 24
0x00007ffd8ad8ac2a:   39 01 44 8b 8c 24 90 00 00 00 0f 94 c0 48 8b 89
0x00007ffd8ad8ac3a:   28 04 00 00 88 44 24 20 e8 49 bb 01 00 48 8b c3
0x00007ffd8ad8ac4a:   48 8b 5c 24 70 4c 8b bc 24 80 00 00 00 48 8b ac
0x00007ffd8ad8ac5a:   24 88 00 00 00 48 83 c4 40 41 5e 41 5d 41 5c 5f
0x00007ffd8ad8ac6a:   5e c3 cc cc cc cc e9 0b 00 00 00 cc cc cc cc cc
0x00007ffd8ad8ac7a:   cc cc cc cc cc cc 4c 89 4c 24 20 53 55 56 57 41
0x00007ffd8ad8ac8a:   55 41 56 41 57 48 83 ec 50 80 3d 9b 18 88 00 00
0x00007ffd8ad8ac9a:   4d 8b f8 0f b7 da 48 8b f1 74 16 41 8b 68 08 8b
0x00007ffd8ad8acaa:   0d 59 56 81 00 48 d3 e5 48 03 2d 47 56 81 00 eb
0x00007ffd8ad8acba:   04 49 8b 68 08 48 8b d5 49 8b cf e8 06 1e d0 ff
0x00007ffd8ad8acca:   4c 63 c0 45 33 ed 48 8b 84 24 a8 00 00 00 0f b7
0x00007ffd8ad8acda:   cb 66 c1 e9 08 41 8b fd 4c 89 44 24 30 48 89 84
0x00007ffd8ad8acea:   24 a0 00 00 00 66 89 8c 24 90 00 00 00 84 c9 75
0x00007ffd8ad8acfa:   3c 0f b6 c8 f6 d1 f6 c1 01 75 09 48 c1 e8 03 48
0x00007ffd8ad8ad0a:   8b f8 eb 1e 48 8d 54 24 38 48 8d 8c 24 a0 00 00
0x00007ffd8ad8ad1a:   00 e8 80 33 30 00 4c 8b 44 24 30 48 8b 38 48 c1
0x00007ffd8ad8ad2a:   ef 03 83 e7 0f 3b be 7c 01 00 00 72 10 66 c1 eb
0x00007ffd8ad8ad3a:   08 48 0f be c3 0f b7 9c 46 78 01 00 00 48 8b 46
0x00007ffd8ad8ad4a:   08 49 8b d7 66 89 9c 24 98 00 00 00 8b 88 c0 01
0x00007ffd8ad8ad5a:   00 00 48 8b 80 b0 01 00 00 48 d3 ea 48 8b 04 d0
0x00007ffd8ad8ad6a:   0f b7 d3 66 c1 ea 08 48 89 44 24 38 48 0f be ca
0x00007ffd8ad8ad7a:   44 8b 90 f8 00 00 00 48 8b 46 70 44 89 94 24 a0
0x00007ffd8ad8ad8a:   00 00 00 4c 8b 4c c8 10 84 d2 75 04 4f 8d 0c d1
0x00007ffd8ad8ad9a:   49 8b 09 4c 8b 71 30 48 8b 41 38 49 2b c6 48 c1
0x00007ffd8ad8adaa:   e8 03 49 3b c0 72 0d 4b 8d 04 c6 48 89 41 30 4d
0x00007ffd8ad8adba:   85 f6 75 5e 4d 8b c8 44 89 54 24 28 4d 8b c7 89 


Stack slot to memory mapping:
stack at sp + 0 slots: 0x0000000000000001 is an unknown value
stack at sp + 1 slots: 0x0000000000000001 is an unknown value
stack at sp + 2 slots: 0x0000016f81870000 is a pointer to class: 
org.jetbrains.kotlin.metadata.ProtoBuf$TypeParameter {0x0000016f81870008}
 - instance size:     8
 - klass size:        123
 - access:            public final synchronized 
 - state:             fully_initialized
 - name:              'org/jetbrains/kotlin/metadata/ProtoBuf$TypeParameter'
 - super:             'org/jetbrains/kotlin/protobuf/GeneratedMessageLite$ExtendableMessage'
 - sub:               
 - arrays:            NULL
 - methods:           Array<T>(0x0000016fc4153ec8)
 - method ordering:   Array<T>(0x0000016f8090a688)
 - local interfaces:  Array<T>(0x0000016fc4153300)
 - trans. interfaces: Array<T>(0x0000016fc4157120)
 - constants:         constant pool [503] {0x0000016fc4152218} for 'org/jetbrains/kotlin/metadata/ProtoBuf$TypeParameter' cache=0x0000016fc4157170
 - class loader data:  loader data: 0x0000016fc5280a80 for instance a 'org/gradle/internal/classloader/VisitableURLClassLoader'{0x0000000080664468}
 - source file:       'ProtoBuf.java'
 - class annotations:       Array<T>(0x0000000000000000)
 - class type annotations:  Array<T>(0x0000000000000000)
 - field annotations:       Array<T>(0x0000000000000000)
 - field type annotations:  Array<T>(0x0000000000000000)
 - generic signature: 'Lorg/jetbrains/kotlin/protobuf/GeneratedMessageLite$ExtendableMessage<Lorg/jetbrains/kotlin/metadata/ProtoBuf$TypeParameter;>;Lorg/jetbrains/kotlin/metadata/ProtoBuf$TypeParameterOrBuilder;'
 - inner classes:     Array<T>(0x0000016fc41570a8)
 - nest members:     Array<T>(0x0000016f805ccb50)
 - permitted subclasses:     Array<T>(0x0000016f805ccb50)
 - java mirror:       a 'java/lang/Class'{0x000000008198c088} = 'org/jetbrains/kotlin/metadata/ProtoBuf$TypeParameter'
 - vtable length      25  (start addr: 0x0000016f818701c8)
 - itable length      39 (start addr: 0x0000016f81870290)
 - ---- static fields (5 words):
 - private static final 'defaultInstance' 'Lorg/jetbrains/kotlin/metadata/ProtoBuf$TypeParameter;' @112 
 - public static 'PARSER' 'Lorg/jetbrains/kotlin/protobuf/Parser;' @116 
 - public static final 'ID_FIELD_NUMBER' 'I' @128 
 - public static final 'NAME_FIELD_NUMBER' 'I' @132 
 - public static final 'REIFIED_FIELD_NUMBER' 'I' @136 
 - public static final 'VARIANCE_FIELD_NUMBER' 'I' @140 
 - public static final 'UPPER_BOUND_FIELD_NUMBER' 'I' @144 
 - public static final 'UPPER_BOUND_ID_FIELD_NUMBER' 'I' @148 
 - private static final 'serialVersionUID' 'J' @120 
 - ---- non-static fields (12 words):
 - protected 'memoizedHashCode' 'I' @12 
 - private final 'extensions' 'Lorg/jetbrains/kotlin/protobuf/FieldSet;' @16 
 - private 'bitField0_' 'I' @20 
 - private 'id_' 'I' @24 
 - private 'name_' 'I' @28 
 - private 'upperBoundIdMemoizedSerializedSize' 'I' @32 
 - private 'memoizedSerializedSize' 'I' @36 
 - private 'reified_' 'Z' @40 
 - private 'memoizedIsInitialized' 'B' @41 
 - private final 'unknownFields' 'Lorg/jetbrains/kotlin/protobuf/ByteString;' @44 
 - private 'variance_' 'Lorg/jetbrains/kotlin/metadata/ProtoBuf$TypeParameter$Variance;' @48 
 - private 'upperBound_' 'Ljava/util/List;' @52 
 - private 'upperBoundId_' 'Ljava/util/List;' @56 
 - non-static oop maps: 16-16 44-56 
stack at sp + 3 slots: 0x0000017006e6b9f0 points into unknown readable memory: 0x00007ffd8b3df950 | 50 f9 3d 8b fd 7f 00 00
stack at sp + 4 slots: 0x0000016f819e9a48 is pointing into metadata
stack at sp + 5 slots: 0x00007ffd00000000 is an unknown value
stack at sp + 6 slots: 0x0000000000000008 is an unknown value
stack at sp + 7 slots: 0x0000016ffabfdf10 points into unknown readable memory: 0x000000009f500000 | 00 00 50 9f 00 00 00 00


---------------  P R O C E S S  ---------------

Threads class SMR info:
_java_thread_list=0x0000016fc6545410, length=50, elements={
0x0000016fdc46c200, 0x0000016ffac91290, 0x0000016ffac93b70, 0x0000016ffacb09d0,
0x0000016ffacb12a0, 0x0000016ffacb1b70, 0x0000016ffacb2440, 0x0000016ffacb5660,
0x0000016ffacbb480, 0x0000016ffaec4f20, 0x0000016ffac81730, 0x0000016ffb0a03c0,
0x0000016fc542a4d0, 0x0000016fc7266fc0, 0x0000016fc73c8410, 0x0000016fc73c54b0,
0x0000016fc73f9080, 0x0000016fc7432320, 0x0000016fc742eb70, 0x0000016fc74309d0,
0x0000016fc7431900, 0x0000016fc742ffb0, 0x0000016fc742f590, 0x0000016fc742f080,
0x0000016fc74304c0, 0x0000016fc7431e10, 0x0000016fc742faa0, 0x0000016fc7430ee0,
0x0000016fc74313f0, 0x0000016fc9b1a820, 0x0000016fc9b193e0, 0x0000016fc9b19e00,
0x0000016fc9b1bc60, 0x0000016fc9b1b750, 0x0000016fc9b1b240, 0x0000016fc9b1a310,
0x0000016fc9b184b0, 0x0000016fc9b1c170, 0x0000016fc9b189c0, 0x0000016fc9b1c680,
0x0000016fc9b18ed0, 0x0000016fc9b1cb90, 0x0000016fc9b1dac0, 0x0000016fc9b1fe30,
0x0000016fc9b1d0a0, 0x0000016fc6726b40, 0x0000016fc6727050, 0x0000017006a35540,
0x0000016fc9676d60, 0x0000016fc9673840
}

Java Threads: ( => current thread )
  0x0000016fdc46c200 JavaThread "main" [_thread_blocked, id=14352, stack(0x0000002f21400000,0x0000002f21500000)]
  0x0000016ffac91290 JavaThread "Reference Handler" daemon [_thread_blocked, id=8120, stack(0x0000002f21b00000,0x0000002f21c00000)]
  0x0000016ffac93b70 JavaThread "Finalizer" daemon [_thread_blocked, id=12112, stack(0x0000002f21c00000,0x0000002f21d00000)]
  0x0000016ffacb09d0 JavaThread "Signal Dispatcher" daemon [_thread_blocked, id=11008, stack(0x0000002f21d00000,0x0000002f21e00000)]
  0x0000016ffacb12a0 JavaThread "Attach Listener" daemon [_thread_blocked, id=15056, stack(0x0000002f21e00000,0x0000002f21f00000)]
  0x0000016ffacb1b70 JavaThread "Service Thread" daemon [_thread_blocked, id=3596, stack(0x0000002f21f00000,0x0000002f22000000)]
  0x0000016ffacb2440 JavaThread "Monitor Deflation Thread" daemon [_thread_blocked, id=14904, stack(0x0000002f22000000,0x0000002f22100000)]
  0x0000016ffacb5660 JavaThread "C2 CompilerThread0" daemon [_thread_in_native, id=13328, stack(0x0000002f22100000,0x0000002f22200000)]
  0x0000016ffacbb480 JavaThread "C1 CompilerThread0" daemon [_thread_blocked, id=11808, stack(0x0000002f22200000,0x0000002f22300000)]
  0x0000016ffaec4f20 JavaThread "Sweeper thread" daemon [_thread_blocked, id=16044, stack(0x0000002f22300000,0x0000002f22400000)]
  0x0000016ffac81730 JavaThread "Common-Cleaner" daemon [_thread_blocked, id=16036, stack(0x0000002f22400000,0x0000002f22500000)]
  0x0000016ffb0a03c0 JavaThread "Notification Thread" daemon [_thread_blocked, id=14928, stack(0x0000002f22500000,0x0000002f22600000)]
  0x0000016fc542a4d0 JavaThread "Daemon health stats" [_thread_blocked, id=15948, stack(0x0000002f23300000,0x0000002f23400000)]
  0x0000016fc7266fc0 JavaThread "Incoming local TCP Connector on port 65077" [_thread_in_native, id=6556, stack(0x0000002f23400000,0x0000002f23500000)]
  0x0000016fc73c8410 JavaThread "Daemon periodic checks" [_thread_blocked, id=4456, stack(0x0000002f23500000,0x0000002f23600000)]
  0x0000016fc73c54b0 JavaThread "Daemon" [_thread_blocked, id=11792, stack(0x0000002f23600000,0x0000002f23700000)]
  0x0000016fc73f9080 JavaThread "Handler for socket connection from /127.0.0.1:65077 to /127.0.0.1:65078" [_thread_in_native, id=13852, stack(0x0000002f23700000,0x0000002f23800000)]
  0x0000016fc7432320 JavaThread "Cancel handler" [_thread_blocked, id=13112, stack(0x0000002f23800000,0x0000002f23900000)]
  0x0000016fc742eb70 JavaThread "Daemon worker" [_thread_blocked, id=11864, stack(0x0000002f23900000,0x0000002f23a00000)]
  0x0000016fc74309d0 JavaThread "Asynchronous log dispatcher for DefaultDaemonConnection: socket connection from /127.0.0.1:65077 to /127.0.0.1:65078" [_thread_blocked, id=9120, stack(0x0000002f23a00000,0x0000002f23b00000)]
  0x0000016fc7431900 JavaThread "Stdin handler" [_thread_blocked, id=13684, stack(0x0000002f23b00000,0x0000002f23c00000)]
  0x0000016fc742ffb0 JavaThread "Daemon client event forwarder" [_thread_blocked, id=9352, stack(0x0000002f23c00000,0x0000002f23d00000)]
  0x0000016fc742f590 JavaThread "Cache worker for journal cache (C:\Users\Admin\.gradle\caches\journal-1)" [_thread_blocked, id=9756, stack(0x0000002f23d00000,0x0000002f23e00000)]
  0x0000016fc742f080 JavaThread "File lock request listener" [_thread_in_native, id=1928, stack(0x0000002f23e00000,0x0000002f23f00000)]
  0x0000016fc74304c0 JavaThread "Cache worker for file hash cache (C:\Users\Admin\.gradle\caches\9.2.1\fileHashes)" [_thread_blocked, id=3896, stack(0x0000002f23f00000,0x0000002f24000000)]
  0x0000016fc7431e10 JavaThread "Cache worker for file hash cache (D:\Users\Admin\AndroidStudioProjects\CodeQuest\.gradle\9.2.1\fileHashes)" [_thread_blocked, id=14648, stack(0x0000002f24200000,0x0000002f24300000)]
  0x0000016fc742faa0 JavaThread "Cache worker for Build Output Cleanup Cache (D:\Users\Admin\AndroidStudioProjects\CodeQuest\.gradle\buildOutputCleanup)" [_thread_blocked, id=11508, stack(0x0000002f24300000,0x0000002f24400000)]
  0x0000016fc7430ee0 JavaThread "File watcher server" daemon [_thread_in_native, id=4748, stack(0x0000002f22800000,0x0000002f22900000)]
  0x0000016fc74313f0 JavaThread "File watcher consumer" daemon [_thread_blocked, id=5968, stack(0x0000002f24400000,0x0000002f24500000)]
  0x0000016fc9b1a820 JavaThread "jar transforms" [_thread_blocked, id=6372, stack(0x0000002f24500000,0x0000002f24600000)]
  0x0000016fc9b193e0 JavaThread "jar transforms Thread 2" [_thread_blocked, id=9172, stack(0x0000002f24600000,0x0000002f24700000)]
  0x0000016fc9b19e00 JavaThread "jar transforms Thread 3" [_thread_blocked, id=6048, stack(0x0000002f24700000,0x0000002f24800000)]
  0x0000016fc9b1bc60 JavaThread "Cache worker for checksums cache (D:\Users\Admin\AndroidStudioProjects\CodeQuest\.gradle\9.2.1\checksums)" [_thread_blocked, id=14956, stack(0x0000002f24900000,0x0000002f24a00000)]
  0x0000016fc9b1b750 JavaThread "Cache worker for file content cache (C:\Users\Admin\.gradle\caches\9.2.1\fileContent)" [_thread_blocked, id=3076, stack(0x0000002f24a00000,0x0000002f24b00000)]
  0x0000016fc9b1b240 JavaThread "Cache worker for cache directory md-supplier (C:\Users\Admin\.gradle\caches\9.2.1\md-supplier)" [_thread_blocked, id=6336, stack(0x0000002f24800000,0x0000002f24900000)]
  0x0000016fc9b1a310 JavaThread "Cache worker for cache directory md-rule (C:\Users\Admin\.gradle\caches\9.2.1\md-rule)" [_thread_blocked, id=5680, stack(0x0000002f24b00000,0x0000002f24c00000)]
  0x0000016fc9b184b0 JavaThread "jar transforms Thread 4" [_thread_blocked, id=12136, stack(0x0000002f24d00000,0x0000002f24e00000)]
  0x0000016fc9b1c170 JavaThread "jar transforms Thread 5" [_thread_blocked, id=5224, stack(0x0000002f24e00000,0x0000002f24f00000)]
  0x0000016fc9b189c0 JavaThread "jar transforms Thread 6" [_thread_blocked, id=8460, stack(0x0000002f24f00000,0x0000002f25000000)]
  0x0000016fc9b1c680 JavaThread "jar transforms Thread 7" [_thread_blocked, id=15436, stack(0x0000002f25000000,0x0000002f25100000)]
  0x0000016fc9b18ed0 JavaThread "jar transforms Thread 8" [_thread_blocked, id=11100, stack(0x0000002f25100000,0x0000002f25200000)]
  0x0000016fc9b1cb90 JavaThread "jar transforms Thread 9" [_thread_blocked, id=16304, stack(0x0000002f25200000,0x0000002f25300000)]
  0x0000016fc9b1dac0 JavaThread "jar transforms Thread 10" [_thread_blocked, id=3188, stack(0x0000002f25300000,0x0000002f25400000)]
  0x0000016fc9b1fe30 JavaThread "jar transforms Thread 11" [_thread_blocked, id=11488, stack(0x0000002f25400000,0x0000002f25500000)]
  0x0000016fc9b1d0a0 JavaThread "jar transforms Thread 12" [_thread_blocked, id=16224, stack(0x0000002f25500000,0x0000002f25600000)]
  0x0000016fc6726b40 JavaThread "Unconstrained build operations" [_thread_blocked, id=5404, stack(0x0000002f22700000,0x0000002f22800000)]
  0x0000016fc6727050 JavaThread "Unconstrained build operations Thread 2" [_thread_blocked, id=4860, stack(0x0000002f24c00000,0x0000002f24d00000)]
  0x0000017006a35540 JavaThread "Unconstrained build operations Thread 3" [_thread_blocked, id=14228, stack(0x0000002f25600000,0x0000002f25700000)]
  0x0000016fc9676d60 JavaThread "C2 CompilerThread1" daemon [_thread_in_native, id=11740, stack(0x0000002f25700000,0x0000002f25800000)]
  0x0000016fc9673840 JavaThread "C2 CompilerThread2" daemon [_thread_blocked, id=16068, stack(0x0000002f25800000,0x0000002f25900000)]

Other Threads:
  0x0000016ffac8de50 VMThread "VM Thread" [stack: 0x0000002f21a00000,0x0000002f21b00000] [id=2736]
  0x0000016fdc46cf90 WatcherThread [stack: 0x0000002f22600000,0x0000002f22700000] [id=11292]
  0x0000016fdc4ca500 GCTaskThread "GC Thread#0" [stack: 0x0000002f21500000,0x0000002f21600000] [id=16336]
  0x0000016fc555e1b0 GCTaskThread "GC Thread#1" [stack: 0x0000002f22900000,0x0000002f22a00000] [id=16380]
  0x0000016fc552cf30 GCTaskThread "GC Thread#2" [stack: 0x0000002f22a00000,0x0000002f22b00000] [id=14912]
=>0x0000016fc552d1f0 GCTaskThread "GC Thread#3" [stack: 0x0000002f22b00000,0x0000002f22c00000] [id=5428]
  0x0000016fc5589df0 GCTaskThread "GC Thread#4" [stack: 0x0000002f22c00000,0x0000002f22d00000] [id=15804]
  0x0000016fc558a0b0 GCTaskThread "GC Thread#5" [stack: 0x0000002f22d00000,0x0000002f22e00000] [id=16048]
  0x0000016fc558a370 GCTaskThread "GC Thread#6" [stack: 0x0000002f22e00000,0x0000002f22f00000] [id=16060]
  0x0000016fc558a630 GCTaskThread "GC Thread#7" [stack: 0x0000002f22f00000,0x0000002f23000000] [id=3424]
  0x0000016fc5580f50 GCTaskThread "GC Thread#8" [stack: 0x0000002f23000000,0x0000002f23100000] [id=10784]
  0x0000016fc5581210 GCTaskThread "GC Thread#9" [stack: 0x0000002f23100000,0x0000002f23200000] [id=2960]
  0x0000016fdc4dd040 ConcurrentGCThread "G1 Main Marker" [stack: 0x0000002f21600000,0x0000002f21700000] [id=11784]
  0x0000016fdc4de110 ConcurrentGCThread "G1 Conc#0" [stack: 0x0000002f21700000,0x0000002f21800000] [id=15860]
  0x0000016fc72a2130 ConcurrentGCThread "G1 Conc#1" [stack: 0x0000002f24000000,0x0000002f24100000] [id=8160]
  0x0000016fc72a1630 ConcurrentGCThread "G1 Conc#2" [stack: 0x0000002f24100000,0x0000002f24200000] [id=5636]
  0x0000016fdc50ec90 ConcurrentGCThread "G1 Refine#0" [stack: 0x0000002f21800000,0x0000002f21900000] [id=7224]
  0x0000016fc64fa080 ConcurrentGCThread "G1 Refine#1" [stack: 0x0000002f23200000,0x0000002f23300000] [id=6728]
  0x0000016fcc143fb0 ConcurrentGCThread "G1 Refine#2" [stack: 0x0000002f25900000,0x0000002f25a00000] [id=13908]
  0x0000016fcc145a20 ConcurrentGCThread "G1 Refine#3" [stack: 0x0000002f25a00000,0x0000002f25b00000] [id=16052]
  0x0000016fcc146bc0 ConcurrentGCThread "G1 Refine#4" [stack: 0x0000002f25b00000,0x0000002f25c00000] [id=6192]
  0x0000016fcc1442a0 ConcurrentGCThread "G1 Refine#5" [stack: 0x0000002f25c00000,0x0000002f25d00000] [id=16292]
  0x0000016fcc144e60 ConcurrentGCThread "G1 Refine#6" [stack: 0x0000002f25d00000,0x0000002f25e00000] [id=15388]
  0x0000016ffac24670 ConcurrentGCThread "G1 Service" [stack: 0x0000002f21900000,0x0000002f21a00000] [id=6352]

Threads with active compile tasks:
C2 CompilerThread0  10526 8782       4       org.jetbrains.org.objectweb.asm.ClassReader::accept (1401 bytes)
C1 CompilerThread0  10526 8999       2       org.jetbrains.kotlin.load.kotlin.header.ReadKotlinClassHeaderAnnotationVisitor::createHeader (138 bytes)
C2 CompilerThread1  10526 8783       4       org.jetbrains.org.objectweb.asm.ClassReader::readModuleAttributes (551 bytes)
C2 CompilerThread2  10526 8839       4       org.jetbrains.kotlin.cli.jvm.index.JvmDependenciesIndexImpl::searchClasses (520 bytes)

VM state: at safepoint (normal execution)

VM Mutex/Monitor currently owned by a thread:  ([mutex/lock_event])
[0x0000016fda0aa500] Threads_lock - owner thread: 0x0000016ffac8de50
[0x0000016fdc46a3f0] Heap_lock - owner thread: 0x0000016fc742eb70

Heap address: 0x0000000080000000, size: 2048 MB, Compressed Oops mode: 32-bit

CDS archive(s) mapped at: [0x0000016f80000000-0x0000016f80bb0000-0x0000016f80bb0000), size 12255232, SharedBaseAddress: 0x0000016f80000000, ArchiveRelocationMode: 1.
Compressed class space mapped at: 0x0000016f81000000-0x0000016fc1000000, reserved size: 1073741824
Narrow klass base: 0x0000016f80000000, Narrow klass shift: 0, Narrow klass range: 0x100000000

GC Precious Log:
 CPUs: 12 total, 12 available
 Memory: 32124M
 Large Page Support: Disabled
 NUMA Support: Disabled
 Compressed Oops: Enabled (32-bit)
 Heap Region Size: 1M
 Heap Min Capacity: 8M
 Heap Initial Capacity: 502M
 Heap Max Capacity: 2G
 Pre-touch: Disabled
 Parallel Workers: 10
 Concurrent Workers: 3
 Concurrent Refinement Workers: 10
 Periodic GC: Disabled

Heap:
 garbage-first heap   total 208896K, used 122424K [0x0000000080000000, 0x0000000100000000)
  region size 1024K, 5 young (5120K), 2 survivors (2048K)
 Metaspace       used 110039K, committed 110848K, reserved 1179648K
  class space    used 14228K, committed 14592K, reserved 1048576K

Heap Regions: E=young(eden), S=young(survivor), O=old, HS=humongous(starts), HC=humongous(continues), CS=collection set, F=free, OA=open archive, CA=closed archive, TAMS=top-at-mark-start (previous, next)
|   0|0x0000000080000000, 0x0000000080100000, 0x0000000080100000|100%|HS|  |TAMS 0x0000000080100000, 0x0000000080000000| Complete 
|   1|0x0000000080100000, 0x0000000080200000, 0x0000000080200000|100%|HC|  |TAMS 0x0000000080200000, 0x0000000080100000| Complete 
|   2|0x0000000080200000, 0x0000000080300000, 0x0000000080300000|100%|HC|  |TAMS 0x0000000080300000, 0x0000000080200000| Complete 
|   3|0x0000000080300000, 0x0000000080400000, 0x0000000080400000|100%|HC|  |TAMS 0x0000000080400000, 0x0000000080300000| Complete 
|   4|0x0000000080400000, 0x0000000080500000, 0x0000000080500000|100%| O|  |TAMS 0x0000000080500000, 0x0000000080400000| Untracked 
|   5|0x0000000080500000, 0x0000000080600000, 0x0000000080600000|100%| O|  |TAMS 0x0000000080600000, 0x0000000080500000| Untracked 
|   6|0x0000000080600000, 0x0000000080700000, 0x0000000080700000|100%| O|  |TAMS 0x0000000080700000, 0x0000000080600000| Untracked 
|   7|0x0000000080700000, 0x0000000080800000, 0x0000000080800000|100%|HS|  |TAMS 0x0000000080800000, 0x0000000080700000| Complete 
|   8|0x0000000080800000, 0x0000000080900000, 0x0000000080900000|100%| O|  |TAMS 0x0000000080900000, 0x0000000080800000| Untracked 
|   9|0x0000000080900000, 0x0000000080a00000, 0x0000000080a00000|100%| O|  |TAMS 0x0000000080a00000, 0x0000000080900000| Untracked 
|  10|0x0000000080a00000, 0x0000000080b00000, 0x0000000080b00000|100%| O|  |TAMS 0x0000000080b00000, 0x0000000080a00000| Untracked 
|  11|0x0000000080b00000, 0x0000000080c00000, 0x0000000080c00000|100%| O|  |TAMS 0x0000000080c00000, 0x0000000080b00000| Untracked 
|  12|0x0000000080c00000, 0x0000000080d00000, 0x0000000080d00000|100%| O|  |TAMS 0x0000000080d00000, 0x0000000080c00000| Untracked 
|  13|0x0000000080d00000, 0x0000000080d60400, 0x0000000080e00000| 37%| O|  |TAMS 0x0000000080d60400, 0x0000000080d00000| Complete 
|  14|0x0000000080e00000, 0x0000000080f00000, 0x0000000080f00000|100%| O|  |TAMS 0x0000000080f00000, 0x0000000080e00000| Untracked 
|  15|0x0000000080f00000, 0x0000000081000000, 0x0000000081000000|100%| O|  |TAMS 0x0000000081000000, 0x0000000080f00000| Untracked 
|  16|0x0000000081000000, 0x0000000081100000, 0x0000000081100000|100%| O|  |TAMS 0x0000000081100000, 0x0000000081000000| Untracked 
|  17|0x0000000081100000, 0x0000000081200000, 0x0000000081200000|100%| O|  |TAMS 0x0000000081200000, 0x0000000081100000| Untracked 
|  18|0x0000000081200000, 0x0000000081300000, 0x0000000081300000|100%| O|  |TAMS 0x0000000081300000, 0x0000000081200000| Untracked 
|  19|0x0000000081300000, 0x0000000081400000, 0x0000000081400000|100%| O|  |TAMS 0x0000000081400000, 0x0000000081300000| Untracked 
|  20|0x0000000081400000, 0x0000000081500000, 0x0000000081500000|100%| O|  |TAMS 0x0000000081500000, 0x0000000081400000| Untracked 
|  21|0x0000000081500000, 0x000000008153d200, 0x0000000081600000| 23%| O|CS|TAMS 0x000000008153d200, 0x0000000081500000| Complete 
|  22|0x0000000081600000, 0x0000000081700000, 0x0000000081700000|100%| O|  |TAMS 0x0000000081700000, 0x0000000081600000| Untracked 
|  23|0x0000000081700000, 0x0000000081800000, 0x0000000081800000|100%| O|  |TAMS 0x0000000081800000, 0x0000000081700000| Untracked 
|  24|0x0000000081800000, 0x0000000081900000, 0x0000000081900000|100%| O|  |TAMS 0x0000000081900000, 0x0000000081800000| Untracked 
|  25|0x0000000081900000, 0x0000000081a00000, 0x0000000081a00000|100%| O|  |TAMS 0x0000000081a00000, 0x0000000081900000| Untracked 
|  26|0x0000000081a00000, 0x0000000081b00000, 0x0000000081b00000|100%| O|  |TAMS 0x0000000081b00000, 0x0000000081a00000| Untracked 
|  27|0x0000000081b00000, 0x0000000081c00000, 0x0000000081c00000|100%| O|  |TAMS 0x0000000081c00000, 0x0000000081b00000| Untracked 
|  28|0x0000000081c00000, 0x0000000081d00000, 0x0000000081d00000|100%| O|  |TAMS 0x0000000081d00000, 0x0000000081c00000| Untracked 
|  29|0x0000000081d00000, 0x0000000081e00000, 0x0000000081e00000|100%| O|  |TAMS 0x0000000081e00000, 0x0000000081d00000| Untracked 
|  30|0x0000000081e00000, 0x0000000081f00000, 0x0000000081f00000|100%| O|  |TAMS 0x0000000081f00000, 0x0000000081e00000| Untracked 
|  31|0x0000000081f00000, 0x0000000082000000, 0x0000000082000000|100%| O|  |TAMS 0x0000000082000000, 0x0000000081f00000| Untracked 
|  32|0x0000000082000000, 0x0000000082100000, 0x0000000082100000|100%| O|  |TAMS 0x0000000082100000, 0x0000000082000000| Untracked 
|  33|0x0000000082100000, 0x0000000082200000, 0x0000000082200000|100%| O|  |TAMS 0x0000000082200000, 0x0000000082100000| Untracked 
|  34|0x0000000082200000, 0x0000000082300000, 0x0000000082300000|100%| O|  |TAMS 0x0000000082300000, 0x0000000082200000| Untracked 
|  35|0x0000000082300000, 0x0000000082400000, 0x0000000082400000|100%| O|  |TAMS 0x0000000082400000, 0x0000000082300000| Untracked 
|  36|0x0000000082400000, 0x0000000082500000, 0x0000000082500000|100%| O|  |TAMS 0x0000000082500000, 0x0000000082400000| Untracked 
|  37|0x0000000082500000, 0x0000000082600000, 0x0000000082600000|100%| O|  |TAMS 0x0000000082600000, 0x0000000082500000| Untracked 
|  38|0x0000000082600000, 0x0000000082700000, 0x0000000082700000|100%| O|  |TAMS 0x0000000082700000, 0x0000000082600000| Untracked 
|  39|0x0000000082700000, 0x0000000082800000, 0x0000000082800000|100%| O|  |TAMS 0x0000000082800000, 0x0000000082700000| Untracked 
|  40|0x0000000082800000, 0x0000000082900000, 0x0000000082900000|100%| O|  |TAMS 0x0000000082900000, 0x0000000082800000| Untracked 
|  41|0x0000000082900000, 0x0000000082a00000, 0x0000000082a00000|100%| O|  |TAMS 0x0000000082a00000, 0x0000000082900000| Untracked 
|  42|0x0000000082a00000, 0x0000000082b00000, 0x0000000082b00000|100%| O|  |TAMS 0x0000000082b00000, 0x0000000082a00000| Untracked 
|  43|0x0000000082b00000, 0x0000000082c00000, 0x0000000082c00000|100%| O|CS|TAMS 0x0000000082c00000, 0x0000000082b00000| Complete 
|  44|0x0000000082c00000, 0x0000000082d00000, 0x0000000082d00000|100%| O|CS|TAMS 0x0000000082d00000, 0x0000000082c00000| Complete 
|  45|0x0000000082d00000, 0x0000000082e00000, 0x0000000082e00000|100%| O|CS|TAMS 0x0000000082e00000, 0x0000000082d00000| Complete 
|  46|0x0000000082e00000, 0x0000000082f00000, 0x0000000082f00000|100%| O|CS|TAMS 0x0000000082f00000, 0x0000000082e00000| Complete 
|  47|0x0000000082f00000, 0x0000000083000000, 0x0000000083000000|100%| O|CS|TAMS 0x0000000083000000, 0x0000000082f00000| Complete 
|  48|0x0000000083000000, 0x0000000083100000, 0x0000000083100000|100%| O|CS|TAMS 0x0000000083100000, 0x0000000083000000| Complete 
|  49|0x0000000083100000, 0x0000000083200000, 0x0000000083200000|100%| O|CS|TAMS 0x0000000083200000, 0x0000000083100000| Complete 
|  50|0x0000000083200000, 0x0000000083300000, 0x0000000083300000|100%| O|CS|TAMS 0x0000000083300000, 0x0000000083200000| Complete 
|  51|0x0000000083300000, 0x0000000083400000, 0x0000000083400000|100%| O|CS|TAMS 0x0000000083400000, 0x0000000083300000| Complete 
|  52|0x0000000083400000, 0x0000000083500000, 0x0000000083500000|100%|HS|  |TAMS 0x0000000083400000, 0x0000000083400000| Complete 
|  53|0x0000000083500000, 0x0000000083600000, 0x0000000083600000|100%| O|  |TAMS 0x0000000083500000, 0x0000000083500000| Untracked 
|  54|0x0000000083600000, 0x0000000083700000, 0x0000000083700000|100%| O|  |TAMS 0x0000000083600000, 0x0000000083600000| Untracked 
|  55|0x0000000083700000, 0x0000000083800000, 0x0000000083800000|100%| O|  |TAMS 0x0000000083700000, 0x0000000083700000| Untracked 
|  56|0x0000000083800000, 0x0000000083900000, 0x0000000083900000|100%| O|  |TAMS 0x0000000083800000, 0x0000000083800000| Untracked 
|  57|0x0000000083900000, 0x0000000083a00000, 0x0000000083a00000|100%| O|  |TAMS 0x0000000083900000, 0x0000000083900000| Untracked 
|  58|0x0000000083a00000, 0x0000000083b00000, 0x0000000083b00000|100%| O|  |TAMS 0x0000000083a00000, 0x0000000083a00000| Untracked 
|  59|0x0000000083b00000, 0x0000000083c00000, 0x0000000083c00000|100%| O|  |TAMS 0x0000000083c00000, 0x0000000083b00000| Untracked 
|  60|0x0000000083c00000, 0x0000000083d00000, 0x0000000083d00000|100%| O|  |TAMS 0x0000000083c00000, 0x0000000083c00000| Untracked 
|  61|0x0000000083d00000, 0x0000000083e00000, 0x0000000083e00000|100%| O|  |TAMS 0x0000000083e00000, 0x0000000083d00000| Untracked 
|  62|0x0000000083e00000, 0x0000000083f00000, 0x0000000083f00000|100%| O|  |TAMS 0x0000000083f00000, 0x0000000083e00000| Untracked 
|  63|0x0000000083f00000, 0x0000000084000000, 0x0000000084000000|100%| O|  |TAMS 0x0000000084000000, 0x0000000083f00000| Untracked 
|  64|0x0000000084000000, 0x0000000084100000, 0x0000000084100000|100%| O|  |TAMS 0x0000000084100000, 0x0000000084000000| Untracked 
|  65|0x0000000084100000, 0x0000000084200000, 0x0000000084200000|100%| O|  |TAMS 0x0000000084200000, 0x0000000084100000| Untracked 
|  66|0x0000000084200000, 0x0000000084300000, 0x0000000084300000|100%| O|CS|TAMS 0x0000000084300000, 0x0000000084200000| Complete 
|  67|0x0000000084300000, 0x0000000084400000, 0x0000000084400000|100%| O|  |TAMS 0x0000000084400000, 0x0000000084300000| Complete 
|  68|0x0000000084400000, 0x0000000084500000, 0x0000000084500000|100%| O|  |TAMS 0x0000000084500000, 0x0000000084400000| Complete 
|  69|0x0000000084500000, 0x0000000084600000, 0x0000000084600000|100%| O|  |TAMS 0x0000000084600000, 0x0000000084500000| Untracked 
|  70|0x0000000084600000, 0x0000000084700000, 0x0000000084700000|100%| O|CS|TAMS 0x0000000084700000, 0x0000000084600000| Complete 
|  71|0x0000000084700000, 0x0000000084800000, 0x0000000084800000|100%| O|CS|TAMS 0x0000000084800000, 0x0000000084700000| Complete 
|  72|0x0000000084800000, 0x0000000084900000, 0x0000000084900000|100%| O|CS|TAMS 0x0000000084900000, 0x0000000084800000| Complete 
|  73|0x0000000084900000, 0x0000000084a00000, 0x0000000084a00000|100%| O|  |TAMS 0x0000000084900000, 0x0000000084900000| Untracked 
|  74|0x0000000084a00000, 0x0000000084b00000, 0x0000000084b00000|100%| O|  |TAMS 0x0000000084a00000, 0x0000000084a00000| Untracked 
|  75|0x0000000084b00000, 0x0000000084c00000, 0x0000000084c00000|100%| O|  |TAMS 0x0000000084c00000, 0x0000000084b00000| Untracked 
|  76|0x0000000084c00000, 0x0000000084d00000, 0x0000000084d00000|100%| O|  |TAMS 0x0000000084d00000, 0x0000000084c00000| Complete 
|  77|0x0000000084d00000, 0x0000000084e00000, 0x0000000084e00000|100%| O|  |TAMS 0x0000000084e00000, 0x0000000084d00000| Untracked 
|  78|0x0000000084e00000, 0x0000000084f00000, 0x0000000084f00000|100%| O|  |TAMS 0x0000000084f00000, 0x0000000084e00000| Complete 
|  79|0x0000000084f00000, 0x0000000085000000, 0x0000000085000000|100%| O|CS|TAMS 0x0000000085000000, 0x0000000084f00000| Complete 
|  80|0x0000000085000000, 0x0000000085100000, 0x0000000085100000|100%| O|CS|TAMS 0x0000000085100000, 0x0000000085000000| Complete 
|  81|0x0000000085100000, 0x0000000085200000, 0x0000000085200000|100%| O|CS|TAMS 0x0000000085200000, 0x0000000085100000| Complete 
|  82|0x0000000085200000, 0x0000000085300000, 0x0000000085300000|100%| O|CS|TAMS 0x0000000085300000, 0x0000000085200000| Complete 
|  83|0x0000000085300000, 0x0000000085400000, 0x0000000085400000|100%| O|  |TAMS 0x0000000085300000, 0x0000000085300000| Untracked 
|  84|0x0000000085400000, 0x0000000085500000, 0x0000000085500000|100%| O|  |TAMS 0x0000000085400000, 0x0000000085400000| Untracked 
|  85|0x0000000085500000, 0x0000000085600000, 0x0000000085600000|100%| O|  |TAMS 0x0000000085500000, 0x0000000085500000| Untracked 
|  86|0x0000000085600000, 0x0000000085700000, 0x0000000085700000|100%| O|  |TAMS 0x0000000085600000, 0x0000000085600000| Untracked 
|  87|0x0000000085700000, 0x0000000085800000, 0x0000000085800000|100%| O|  |TAMS 0x0000000085700000, 0x0000000085700000| Untracked 
|  88|0x0000000085800000, 0x0000000085900000, 0x0000000085900000|100%| O|  |TAMS 0x0000000085900000, 0x0000000085800000| Untracked 
|  89|0x0000000085900000, 0x0000000085a00000, 0x0000000085a00000|100%| O|CS|TAMS 0x0000000085a00000, 0x0000000085900000| Complete 
|  90|0x0000000085a00000, 0x0000000085b00000, 0x0000000085b00000|100%| O|  |TAMS 0x0000000085b00000, 0x0000000085a00000| Untracked 
|  91|0x0000000085b00000, 0x0000000085c00000, 0x0000000085c00000|100%| O|CS|TAMS 0x0000000085c00000, 0x0000000085b00000| Complete 
|  92|0x0000000085c00000, 0x0000000085d00000, 0x0000000085d00000|100%| O|  |TAMS 0x0000000085d00000, 0x0000000085c00000| Untracked 
|  93|0x0000000085d00000, 0x0000000085e00000, 0x0000000085e00000|100%| O|CS|TAMS 0x0000000085e00000, 0x0000000085d00000| Complete 
|  94|0x0000000085e00000, 0x0000000085f00000, 0x0000000085f00000|100%| O|  |TAMS 0x0000000085f00000, 0x0000000085e00000| Untracked 
|  95|0x0000000085f00000, 0x0000000086000000, 0x0000000086000000|100%| O|  |TAMS 0x0000000086000000, 0x0000000085f00000| Untracked 
|  96|0x0000000086000000, 0x0000000086100000, 0x0000000086100000|100%| O|  |TAMS 0x0000000086100000, 0x0000000086000000| Untracked 
|  97|0x0000000086100000, 0x0000000086200000, 0x0000000086200000|100%| O|  |TAMS 0x0000000086200000, 0x0000000086100000| Untracked 
|  98|0x0000000086200000, 0x0000000086300000, 0x0000000086300000|100%| O|  |TAMS 0x00000000862cfa00, 0x0000000086200000| Untracked 
|  99|0x0000000086300000, 0x0000000086400000, 0x0000000086400000|100%| O|  |TAMS 0x0000000086300000, 0x0000000086300000| Untracked 
| 100|0x0000000086400000, 0x0000000086500000, 0x0000000086500000|100%| O|  |TAMS 0x0000000086400000, 0x0000000086400000| Untracked 
| 101|0x0000000086500000, 0x0000000086600000, 0x0000000086600000|100%| O|  |TAMS 0x0000000086500000, 0x0000000086500000| Untracked 
| 102|0x0000000086600000, 0x0000000086700000, 0x0000000086700000|100%| O|  |TAMS 0x0000000086600000, 0x0000000086600000| Untracked 
| 103|0x0000000086700000, 0x0000000086800000, 0x0000000086800000|100%| O|  |TAMS 0x0000000086700000, 0x0000000086700000| Untracked 
| 104|0x0000000086800000, 0x0000000086900000, 0x0000000086900000|100%| O|  |TAMS 0x0000000086800000, 0x0000000086800000| Untracked 
| 105|0x0000000086900000, 0x0000000086a00000, 0x0000000086a00000|100%| O|  |TAMS 0x0000000086900000, 0x0000000086900000| Untracked 
| 106|0x0000000086a00000, 0x0000000086b00000, 0x0000000086b00000|100%| O|  |TAMS 0x0000000086a00000, 0x0000000086a00000| Untracked 
| 107|0x0000000086b00000, 0x0000000086c00000, 0x0000000086c00000|100%| O|  |TAMS 0x0000000086b00000, 0x0000000086b00000| Untracked 
| 108|0x0000000086c00000, 0x0000000086d00000, 0x0000000086d00000|100%| O|  |TAMS 0x0000000086c00000, 0x0000000086c00000| Untracked 
| 109|0x0000000086d00000, 0x0000000086e00000, 0x0000000086e00000|100%| O|  |TAMS 0x0000000086d00000, 0x0000000086d00000| Untracked 
| 110|0x0000000086e00000, 0x0000000086f00000, 0x0000000086f00000|100%| O|  |TAMS 0x0000000086e00000, 0x0000000086e00000| Untracked 
| 111|0x0000000086f00000, 0x0000000087000000, 0x0000000087000000|100%| O|  |TAMS 0x0000000086f00000, 0x0000000086f00000| Untracked 
| 112|0x0000000087000000, 0x0000000087100000, 0x0000000087100000|100%| O|  |TAMS 0x0000000087000000, 0x0000000087000000| Untracked 
| 113|0x0000000087100000, 0x0000000087200000, 0x0000000087200000|100%| O|  |TAMS 0x0000000087100000, 0x0000000087100000| Untracked 
| 114|0x0000000087200000, 0x0000000087300000, 0x0000000087300000|100%| O|  |TAMS 0x0000000087200000, 0x0000000087200000| Untracked 
| 115|0x0000000087300000, 0x0000000087400000, 0x0000000087400000|100%| O|  |TAMS 0x0000000087300000, 0x0000000087300000| Untracked 
| 116|0x0000000087400000, 0x0000000087500000, 0x0000000087500000|100%| O|  |TAMS 0x0000000087400000, 0x0000000087400000| Untracked 
| 117|0x0000000087500000, 0x0000000087600000, 0x0000000087600000|100%| O|  |TAMS 0x0000000087500000, 0x0000000087500000| Untracked 
| 118|0x0000000087600000, 0x0000000087700000, 0x0000000087700000|100%| O|  |TAMS 0x0000000087600000, 0x0000000087600000| Untracked 
| 119|0x0000000087700000, 0x0000000087800000, 0x0000000087800000|100%| O|  |TAMS 0x0000000087700000, 0x0000000087700000| Untracked 
| 120|0x0000000087800000, 0x0000000087900000, 0x0000000087900000|100%| O|  |TAMS 0x0000000087800000, 0x0000000087800000| Untracked 
| 121|0x0000000087900000, 0x00000000879d3218, 0x0000000087a00000| 82%| O|  |TAMS 0x0000000087900000, 0x0000000087900000| Untracked 
| 122|0x0000000087a00000, 0x0000000087a00000, 0x0000000087b00000|  0%| F|  |TAMS 0x0000000087a00000, 0x0000000087a00000| Untracked 
| 123|0x0000000087b00000, 0x0000000087b00000, 0x0000000087c00000|  0%| F|  |TAMS 0x0000000087b00000, 0x0000000087b00000| Untracked 
| 124|0x0000000087c00000, 0x0000000087c00000, 0x0000000087d00000|  0%| F|  |TAMS 0x0000000087c00000, 0x0000000087c00000| Untracked 
| 125|0x0000000087d00000, 0x0000000087d00000, 0x0000000087e00000|  0%| F|  |TAMS 0x0000000087d00000, 0x0000000087d00000| Untracked 
| 126|0x0000000087e00000, 0x0000000087e00000, 0x0000000087f00000|  0%| F|  |TAMS 0x0000000087e00000, 0x0000000087e00000| Untracked 
| 127|0x0000000087f00000, 0x0000000087f00000, 0x0000000088000000|  0%| F|  |TAMS 0x0000000087f00000, 0x0000000087f00000| Untracked 
| 128|0x0000000088000000, 0x0000000088000000, 0x0000000088100000|  0%| F|  |TAMS 0x0000000088000000, 0x0000000088000000| Untracked 
| 129|0x0000000088100000, 0x0000000088100000, 0x0000000088200000|  0%| F|  |TAMS 0x0000000088100000, 0x0000000088100000| Untracked 
| 130|0x0000000088200000, 0x0000000088200000, 0x0000000088300000|  0%| F|  |TAMS 0x0000000088200000, 0x0000000088200000| Untracked 
| 131|0x0000000088300000, 0x0000000088300000, 0x0000000088400000|  0%| F|  |TAMS 0x0000000088300000, 0x0000000088300000| Untracked 
| 132|0x0000000088400000, 0x0000000088400000, 0x0000000088500000|  0%| F|  |TAMS 0x0000000088400000, 0x0000000088400000| Untracked 
| 133|0x0000000088500000, 0x0000000088500000, 0x0000000088600000|  0%| F|  |TAMS 0x0000000088500000, 0x0000000088500000| Untracked 
| 134|0x0000000088600000, 0x0000000088600000, 0x0000000088700000|  0%| F|  |TAMS 0x0000000088600000, 0x0000000088600000| Untracked 
| 135|0x0000000088700000, 0x0000000088700000, 0x0000000088800000|  0%| F|  |TAMS 0x0000000088700000, 0x0000000088700000| Untracked 
| 136|0x0000000088800000, 0x0000000088800000, 0x0000000088900000|  0%| F|  |TAMS 0x0000000088800000, 0x0000000088800000| Untracked 
| 137|0x0000000088900000, 0x0000000088900000, 0x0000000088a00000|  0%| F|  |TAMS 0x0000000088900000, 0x0000000088900000| Untracked 
| 138|0x0000000088a00000, 0x0000000088a00000, 0x0000000088b00000|  0%| F|  |TAMS 0x0000000088a00000, 0x0000000088a00000| Untracked 
| 139|0x0000000088b00000, 0x0000000088b00000, 0x0000000088c00000|  0%| F|  |TAMS 0x0000000088b00000, 0x0000000088b00000| Untracked 
| 140|0x0000000088c00000, 0x0000000088c00000, 0x0000000088d00000|  0%| F|  |TAMS 0x0000000088c00000, 0x0000000088c00000| Untracked 
| 141|0x0000000088d00000, 0x0000000088d00000, 0x0000000088e00000|  0%| F|  |TAMS 0x0000000088d00000, 0x0000000088d00000| Untracked 
| 142|0x0000000088e00000, 0x0000000088e00000, 0x0000000088f00000|  0%| F|  |TAMS 0x0000000088e00000, 0x0000000088e00000| Untracked 
| 143|0x0000000088f00000, 0x0000000088f00000, 0x0000000089000000|  0%| F|  |TAMS 0x0000000088f00000, 0x0000000088f00000| Untracked 
| 144|0x0000000089000000, 0x0000000089000000, 0x0000000089100000|  0%| F|  |TAMS 0x0000000089000000, 0x0000000089000000| Untracked 
| 145|0x0000000089100000, 0x0000000089100000, 0x0000000089200000|  0%| F|  |TAMS 0x0000000089100000, 0x0000000089100000| Untracked 
| 146|0x0000000089200000, 0x0000000089200000, 0x0000000089300000|  0%| F|  |TAMS 0x0000000089200000, 0x0000000089200000| Untracked 
| 147|0x0000000089300000, 0x0000000089300000, 0x0000000089400000|  0%| F|  |TAMS 0x0000000089300000, 0x0000000089300000| Untracked 
| 148|0x0000000089400000, 0x0000000089400000, 0x0000000089500000|  0%| F|  |TAMS 0x0000000089400000, 0x0000000089400000| Untracked 
| 149|0x0000000089500000, 0x0000000089500000, 0x0000000089600000|  0%| F|  |TAMS 0x0000000089500000, 0x0000000089500000| Untracked 
| 150|0x0000000089600000, 0x0000000089600000, 0x0000000089700000|  0%| F|  |TAMS 0x0000000089600000, 0x0000000089600000| Untracked 
| 151|0x0000000089700000, 0x0000000089700000, 0x0000000089800000|  0%| F|  |TAMS 0x0000000089700000, 0x0000000089700000| Untracked 
| 152|0x0000000089800000, 0x0000000089800000, 0x0000000089900000|  0%| F|  |TAMS 0x0000000089800000, 0x0000000089800000| Untracked 
| 153|0x0000000089900000, 0x0000000089a00000, 0x0000000089a00000|100%| E|CS|TAMS 0x0000000089900000, 0x0000000089900000| Complete 
| 154|0x0000000089a00000, 0x0000000089b00000, 0x0000000089b00000|100%| E|CS|TAMS 0x0000000089a00000, 0x0000000089a00000| Complete 
| 155|0x0000000089b00000, 0x0000000089c00000, 0x0000000089c00000|100%| E|CS|TAMS 0x0000000089b00000, 0x0000000089b00000| Complete 
| 156|0x0000000089c00000, 0x0000000089d00000, 0x0000000089d00000|100%| E|CS|TAMS 0x0000000089c00000, 0x0000000089c00000| Complete 
| 157|0x0000000089d00000, 0x0000000089e00000, 0x0000000089e00000|100%| E|CS|TAMS 0x0000000089d00000, 0x0000000089d00000| Complete 
| 158|0x0000000089e00000, 0x0000000089f00000, 0x0000000089f00000|100%| E|CS|TAMS 0x0000000089e00000, 0x0000000089e00000| Complete 
| 159|0x0000000089f00000, 0x000000008a000000, 0x000000008a000000|100%| E|CS|TAMS 0x0000000089f00000, 0x0000000089f00000| Complete 
| 160|0x000000008a000000, 0x000000008a000000, 0x000000008a100000|  0%| F|  |TAMS 0x000000008a000000, 0x000000008a000000| Untracked 
| 161|0x000000008a100000, 0x000000008a100000, 0x000000008a200000|  0%| F|  |TAMS 0x000000008a100000, 0x000000008a100000| Untracked 
| 162|0x000000008a200000, 0x000000008a200000, 0x000000008a300000|  0%| F|  |TAMS 0x000000008a200000, 0x000000008a200000| Untracked 
| 163|0x000000008a300000, 0x000000008a300000, 0x000000008a400000|  0%| F|  |TAMS 0x000000008a300000, 0x000000008a300000| Untracked 
| 164|0x000000008a400000, 0x000000008a400000, 0x000000008a500000|  0%| F|  |TAMS 0x000000008a400000, 0x000000008a400000| Untracked 
| 165|0x000000008a500000, 0x000000008a500000, 0x000000008a600000|  0%| F|  |TAMS 0x000000008a500000, 0x000000008a500000| Untracked 
| 166|0x000000008a600000, 0x000000008a600000, 0x000000008a700000|  0%| F|  |TAMS 0x000000008a600000, 0x000000008a600000| Untracked 
| 167|0x000000008a700000, 0x000000008a700000, 0x000000008a800000|  0%| F|  |TAMS 0x000000008a700000, 0x000000008a700000| Untracked 
| 168|0x000000008a800000, 0x000000008a800000, 0x000000008a900000|  0%| F|  |TAMS 0x000000008a800000, 0x000000008a800000| Untracked 
| 169|0x000000008a900000, 0x000000008a900000, 0x000000008aa00000|  0%| F|  |TAMS 0x000000008a900000, 0x000000008a900000| Untracked 
| 170|0x000000008aa00000, 0x000000008aa00000, 0x000000008ab00000|  0%| F|  |TAMS 0x000000008aa00000, 0x000000008aa00000| Untracked 
| 171|0x000000008ab00000, 0x000000008ab00000, 0x000000008ac00000|  0%| F|  |TAMS 0x000000008ab00000, 0x000000008ab00000| Untracked 
| 172|0x000000008ac00000, 0x000000008ac00000, 0x000000008ad00000|  0%| F|  |TAMS 0x000000008ac00000, 0x000000008ac00000| Untracked 
| 173|0x000000008ad00000, 0x000000008ad00000, 0x000000008ae00000|  0%| F|  |TAMS 0x000000008ad00000, 0x000000008ad00000| Untracked 
| 174|0x000000008ae00000, 0x000000008ae00000, 0x000000008af00000|  0%| F|  |TAMS 0x000000008ae00000, 0x000000008ae00000| Untracked 
| 175|0x000000008af00000, 0x000000008af00000, 0x000000008b000000|  0%| F|  |TAMS 0x000000008af00000, 0x000000008af00000| Untracked 
| 176|0x000000008b000000, 0x000000008b000000, 0x000000008b100000|  0%| F|  |TAMS 0x000000008b000000, 0x000000008b000000| Untracked 
| 177|0x000000008b100000, 0x000000008b100000, 0x000000008b200000|  0%| F|  |TAMS 0x000000008b100000, 0x000000008b100000| Untracked 
| 178|0x000000008b200000, 0x000000008b200000, 0x000000008b300000|  0%| F|  |TAMS 0x000000008b200000, 0x000000008b200000| Untracked 
| 179|0x000000008b300000, 0x000000008b300000, 0x000000008b400000|  0%| F|  |TAMS 0x000000008b300000, 0x000000008b300000| Untracked 
| 180|0x000000008b400000, 0x000000008b400000, 0x000000008b500000|  0%| F|  |TAMS 0x000000008b400000, 0x000000008b400000| Untracked 
| 181|0x000000008b500000, 0x000000008b500000, 0x000000008b600000|  0%| F|  |TAMS 0x000000008b500000, 0x000000008b500000| Untracked 
| 182|0x000000008b600000, 0x000000008b600000, 0x000000008b700000|  0%| F|  |TAMS 0x000000008b600000, 0x000000008b600000| Untracked 
| 183|0x000000008b700000, 0x000000008b700000, 0x000000008b800000|  0%| F|  |TAMS 0x000000008b700000, 0x000000008b700000| Untracked 
| 184|0x000000008b800000, 0x000000008b800000, 0x000000008b900000|  0%| F|  |TAMS 0x000000008b800000, 0x000000008b800000| Untracked 
| 185|0x000000008b900000, 0x000000008b900000, 0x000000008ba00000|  0%| F|  |TAMS 0x000000008b900000, 0x000000008b900000| Untracked 
| 186|0x000000008ba00000, 0x000000008ba00000, 0x000000008bb00000|  0%| F|  |TAMS 0x000000008ba00000, 0x000000008ba00000| Untracked 
| 187|0x000000008bb00000, 0x000000008bb00000, 0x000000008bc00000|  0%| F|  |TAMS 0x000000008bb00000, 0x000000008bb00000| Untracked 
| 188|0x000000008bc00000, 0x000000008bc00000, 0x000000008bd00000|  0%| F|  |TAMS 0x000000008bc00000, 0x000000008bc00000| Untracked 
| 189|0x000000008bd00000, 0x000000008bd00000, 0x000000008be00000|  0%| F|  |TAMS 0x000000008bd00000, 0x000000008bd00000| Untracked 
| 190|0x000000008be00000, 0x000000008be00000, 0x000000008bf00000|  0%| F|  |TAMS 0x000000008be00000, 0x000000008be00000| Untracked 
| 191|0x000000008bf00000, 0x000000008bf00000, 0x000000008c000000|  0%| F|  |TAMS 0x000000008bf00000, 0x000000008bf00000| Untracked 
| 192|0x000000008c000000, 0x000000008c000000, 0x000000008c100000|  0%| F|  |TAMS 0x000000008c000000, 0x000000008c000000| Untracked 
| 193|0x000000008c100000, 0x000000008c100000, 0x000000008c200000|  0%| F|  |TAMS 0x000000008c100000, 0x000000008c100000| Untracked 
| 194|0x000000008c200000, 0x000000008c200000, 0x000000008c300000|  0%| F|  |TAMS 0x000000008c200000, 0x000000008c200000| Untracked 
| 195|0x000000008c300000, 0x000000008c300000, 0x000000008c400000|  0%| F|  |TAMS 0x000000008c300000, 0x000000008c300000| Untracked 
| 196|0x000000008c400000, 0x000000008c400000, 0x000000008c500000|  0%| F|  |TAMS 0x000000008c400000, 0x000000008c400000| Untracked 
| 197|0x000000008c500000, 0x000000008c500000, 0x000000008c600000|  0%| F|  |TAMS 0x000000008c500000, 0x000000008c500000| Untracked 
| 198|0x000000008c600000, 0x000000008c600000, 0x000000008c700000|  0%| F|  |TAMS 0x000000008c600000, 0x000000008c600000| Untracked 
| 199|0x000000008c700000, 0x000000008c7fa400, 0x000000008c800000| 97%| S|  |TAMS 0x000000008c700000, 0x000000008c700000| Complete 
| 200|0x000000008c800000, 0x000000008c900000, 0x000000008c900000|100%| S|  |TAMS 0x000000008c800000, 0x000000008c800000| Complete 
| 402|0x0000000099200000, 0x0000000099300000, 0x0000000099300000|100%| E|CS|TAMS 0x0000000099200000, 0x0000000099200000| Complete 
| 403|0x0000000099300000, 0x0000000099400000, 0x0000000099400000|100%| E|CS|TAMS 0x0000000099300000, 0x0000000099300000| Complete 
| 501|0x000000009f500000, 0x000000009f600000, 0x000000009f600000|100%| E|CS|TAMS 0x000000009f500000, 0x000000009f500000| Complete 

Card table byte_map: [0x0000016ff3930000,0x0000016ff3d30000] _byte_map_base: 0x0000016ff3530000

Marking Bits (Prev, Next): (CMBitMap*) 0x0000016fdc4caa70, (CMBitMap*) 0x0000016fdc4caa30
 Prev Bits: [0x0000016ff6130000, 0x0000016ff8130000)
 Next Bits: [0x0000016ff4130000, 0x0000016ff6130000)

Polling page: 0x0000016fda360000

Metaspace:

Usage:
  Non-class:     93.57 MB used.
      Class:     13.90 MB used.
       Both:    107.46 MB used.

Virtual space:
  Non-class space:      128.00 MB reserved,      94.00 MB ( 73%) committed,  2 nodes.
      Class space:        1.00 GB reserved,      14.25 MB (  1%) committed,  1 nodes.
             Both:        1.12 GB reserved,     108.25 MB (  9%) committed. 

Chunk freelists:
   Non-Class:  1.53 MB
       Class:  1.60 MB
        Both:  3.13 MB

MaxMetaspaceSize: unlimited
CompressedClassSpaceSize: 1.00 GB
Initial GC threshold: 21.00 MB
Current GC threshold: 180.25 MB
CDS: on
MetaspaceReclaimPolicy: balanced
 - commit_granule_bytes: 65536.
 - commit_granule_words: 8192.
 - virtual_space_node_default_size: 8388608.
 - enlarge_chunks_in_place: 1.
 - new_chunks_are_fully_committed: 0.
 - uncommit_free_chunks: 1.
 - use_allocation_guard: 0.
 - handle_deallocations: 1.


Internal statistics:

num_allocs_failed_limit: 15.
num_arena_births: 1094.
num_arena_deaths: 0.
num_vsnodes_births: 3.
num_vsnodes_deaths: 0.
num_space_committed: 1731.
num_space_uncommitted: 0.
num_chunks_returned_to_freelist: 15.
num_chunks_taken_from_freelist: 5227.
num_chunk_merges: 15.
num_chunk_splits: 3902.
num_chunks_enlarged: 3117.
num_inconsistent_stats: 0.

CodeHeap 'non-profiled nmethods': size=120000Kb used=4444Kb max_used=5032Kb free=115556Kb
 bounds [0x0000016febaa0000, 0x0000016febf90000, 0x0000016ff2fd0000]
CodeHeap 'profiled nmethods': size=120000Kb used=16126Kb max_used=17317Kb free=103873Kb
 bounds [0x0000016fe3fd0000, 0x0000016fe50d0000, 0x0000016feb500000]
CodeHeap 'non-nmethods': size=5760Kb used=1894Kb max_used=1935Kb free=3865Kb
 bounds [0x0000016feb500000, 0x0000016feb770000, 0x0000016febaa0000]
 total_blobs=8641 nmethods=7618 adapters=932
 compilation: enabled
              stopped_count=0, restarted_count=0
 full_count=0

Compilation events (20 events):
Event: 10.436 Thread 0x0000016ffacbb480 nmethod 8980 0x0000016fe44d7b90 code [0x0000016fe44d7d80, 0x0000016fe44d8278]
Event: 10.436 Thread 0x0000016ffacbb480 8981       3       org.jetbrains.kotlin.metadata.jvm.JvmProtoBuf$JvmPropertySignature$Builder::mergeGetter (58 bytes)
Event: 10.436 Thread 0x0000016ffacbb480 nmethod 8981 0x0000016fe44db790 code [0x0000016fe44db9c0, 0x0000016fe44dc148]
Event: 10.439 Thread 0x0000016ffacbb480 8982       3       org.jetbrains.kotlin.load.kotlin.VirtualFileKotlinClass::<init> (16 bytes)
Event: 10.440 Thread 0x0000016ffacbb480 nmethod 8982 0x0000016fe431d810 code [0x0000016fe431d9c0, 0x0000016fe431db68]
Event: 10.440 Thread 0x0000016ffacbb480 8983       3       org.jetbrains.kotlin.load.kotlin.FileBasedKotlinClass::<init> (51 bytes)
Event: 10.440 Thread 0x0000016ffacbb480 nmethod 8983 0x0000016fe43c9590 code [0x0000016fe43c9760, 0x0000016fe43c9b48]
Event: 10.443 Thread 0x0000016ffacbb480 8984       3       kotlin.collections.builders.MapBuilder::rehash (71 bytes)
Event: 10.444 Thread 0x0000016ffacbb480 nmethod 8984 0x0000016fe4a89e10 code [0x0000016fe4a8a020, 0x0000016fe4a8a698]
Event: 10.444 Thread 0x0000016ffacbb480 8985       3       kotlin.collections.builders.MapBuilder::get (23 bytes)
Event: 10.444 Thread 0x0000016ffacbb480 nmethod 8985 0x0000016fe4f97610 code [0x0000016fe4f97840, 0x0000016fe4f97e78]
Event: 10.444 Thread 0x0000016ffacbb480 8987       3       org.jetbrains.kotlin.fir.types.TypeUtilsKt::withNullability (1438 bytes)
Event: 10.457 Thread 0x0000016ffacbb480 nmethod 8987 0x0000016fe50b9c90 code [0x0000016fe50bb1e0, 0x0000016fe50ca6d8]
Event: 10.457 Thread 0x0000016ffacbb480 8989       3       org.jetbrains.kotlin.load.java.AbstractAnnotationTypeQualifierResolver::extractAndMergeDefaultQualifiers (524 bytes)
Event: 10.459 Thread 0x0000016ffacbb480 nmethod 8989 0x0000016fe42bba90 code [0x0000016fe42bc160, 0x0000016fe42c0368]
Event: 10.459 Thread 0x0000016ffacbb480 8996       3       org.jetbrains.kotlin.protobuf.AbstractParser::checkMessageInitialized (28 bytes)
Event: 10.460 Thread 0x0000016ffacbb480 nmethod 8996 0x0000016fe42f4390 code [0x0000016fe42f45c0, 0x0000016fe42f4ee8]
Event: 10.460 Thread 0x0000016ffacbb480 8998       2       org.jetbrains.kotlin.resolve.jvm.JvmClassName::getFqNameForTopLevelClassMaybeWithDollars (19 bytes)
Event: 10.460 Thread 0x0000016ffacbb480 nmethod 8998 0x0000016fe42bb490 code [0x0000016fe42bb640, 0x0000016fe42bb7f8]
Event: 10.460 Thread 0x0000016ffacbb480 8999       2       org.jetbrains.kotlin.load.kotlin.header.ReadKotlinClassHeaderAnnotationVisitor::createHeader (138 bytes)

GC Heap History (20 events):
Event: 6.060 GC heap after
{Heap after GC invocations=14 (full 0):
 garbage-first heap   total 303104K, used 57530K [0x0000000080000000, 0x0000000100000000)
  region size 1024K, 21 young (21504K), 21 survivors (21504K)
 Metaspace       used 59443K, committed 60160K, reserved 1114112K
  class space    used 8340K, committed 8704K, reserved 1048576K
}
Event: 6.610 GC heap before
{Heap before GC invocations=15 (full 0):
 garbage-first heap   total 208896K, used 159930K [0x0000000080000000, 0x0000000100000000)
  region size 1024K, 122 young (124928K), 21 survivors (21504K)
 Metaspace       used 70277K, committed 70976K, reserved 1114112K
  class space    used 9460K, committed 9792K, reserved 1048576K
}
Event: 6.616 GC heap after
{Heap after GC invocations=16 (full 0):
 garbage-first heap   total 208896K, used 64276K [0x0000000080000000, 0x0000000100000000)
  region size 1024K, 7 young (7168K), 7 survivors (7168K)
 Metaspace       used 70277K, committed 70976K, reserved 1114112K
  class space    used 9460K, committed 9792K, reserved 1048576K
}
Event: 7.170 GC heap before
{Heap before GC invocations=16 (full 0):
 garbage-first heap   total 208896K, used 154388K [0x0000000080000000, 0x0000000100000000)
  region size 1024K, 95 young (97280K), 7 survivors (7168K)
 Metaspace       used 79939K, committed 80640K, reserved 1179648K
  class space    used 10552K, committed 10880K, reserved 1048576K
}
Event: 7.174 GC heap after
{Heap after GC invocations=17 (full 0):
 garbage-first heap   total 208896K, used 71899K [0x0000000080000000, 0x0000000100000000)
  region size 1024K, 12 young (12288K), 12 survivors (12288K)
 Metaspace       used 79939K, committed 80640K, reserved 1179648K
  class space    used 10552K, committed 10880K, reserved 1048576K
}
Event: 7.651 GC heap before
{Heap before GC invocations=17 (full 0):
 garbage-first heap   total 208896K, used 157915K [0x0000000080000000, 0x0000000100000000)
  region size 1024K, 96 young (98304K), 12 survivors (12288K)
 Metaspace       used 86257K, committed 86976K, reserved 1179648K
  class space    used 11179K, committed 11520K, reserved 1048576K
}
Event: 7.657 GC heap after
{Heap after GC invocations=18 (full 0):
 garbage-first heap   total 208896K, used 87834K [0x0000000080000000, 0x0000000100000000)
  region size 1024K, 12 young (12288K), 12 survivors (12288K)
 Metaspace       used 86257K, committed 86976K, reserved 1179648K
  class space    used 11179K, committed 11520K, reserved 1048576K
}
Event: 8.298 GC heap before
{Heap before GC invocations=18 (full 0):
 garbage-first heap   total 208896K, used 156442K [0x0000000080000000, 0x0000000100000000)
  region size 1024K, 80 young (81920K), 12 survivors (12288K)
 Metaspace       used 93620K, committed 94336K, reserved 1179648K
  class space    used 12029K, committed 12352K, reserved 1048576K
}
Event: 8.302 GC heap after
{Heap after GC invocations=19 (full 0):
 garbage-first heap   total 208896K, used 94753K [0x0000000080000000, 0x0000000100000000)
  region size 1024K, 6 young (6144K), 6 survivors (6144K)
 Metaspace       used 93620K, committed 94336K, reserved 1179648K
  class space    used 12029K, committed 12352K, reserved 1048576K
}
Event: 8.668 GC heap before
{Heap before GC invocations=19 (full 0):
 garbage-first heap   total 208896K, used 141857K [0x0000000080000000, 0x0000000100000000)
  region size 1024K, 53 young (54272K), 6 survivors (6144K)
 Metaspace       used 100000K, committed 100736K, reserved 1179648K
  class space    used 12687K, committed 13056K, reserved 1048576K
}
Event: 8.671 GC heap after
{Heap after GC invocations=20 (full 0):
 garbage-first heap   total 208896K, used 97062K [0x0000000080000000, 0x0000000100000000)
  region size 1024K, 3 young (3072K), 3 survivors (3072K)
 Metaspace       used 100000K, committed 100736K, reserved 1179648K
  class space    used 12687K, committed 13056K, reserved 1048576K
}
Event: 10.057 GC heap before
{Heap before GC invocations=21 (full 0):
 garbage-first heap   total 208896K, used 164646K [0x0000000080000000, 0x0000000100000000)
  region size 1024K, 69 young (70656K), 3 survivors (3072K)
 Metaspace       used 106535K, committed 107328K, reserved 1179648K
  class space    used 13793K, committed 14144K, reserved 1048576K
}
Event: 10.060 GC heap after
{Heap after GC invocations=22 (full 0):
 garbage-first heap   total 208896K, used 99855K [0x0000000080000000, 0x0000000100000000)
  region size 1024K, 5 young (5120K), 5 survivors (5120K)
 Metaspace       used 106535K, committed 107328K, reserved 1179648K
  class space    used 13793K, committed 14144K, reserved 1048576K
}
Event: 10.096 GC heap before
{Heap before GC invocations=22 (full 0):
 garbage-first heap   total 208896K, used 104975K [0x0000000080000000, 0x0000000100000000)
  region size 1024K, 10 young (10240K), 5 survivors (5120K)
 Metaspace       used 106969K, committed 107776K, reserved 1179648K
  class space    used 13861K, committed 14208K, reserved 1048576K
}
Event: 10.098 GC heap after
{Heap after GC invocations=23 (full 0):
 garbage-first heap   total 208896K, used 99602K [0x0000000080000000, 0x0000000100000000)
  region size 1024K, 1 young (1024K), 1 survivors (1024K)
 Metaspace       used 106969K, committed 107776K, reserved 1179648K
  class space    used 13861K, committed 14208K, reserved 1048576K
}
Event: 10.354 GC heap before
{Heap before GC invocations=23 (full 0):
 garbage-first heap   total 208896K, used 167186K [0x0000000080000000, 0x0000000100000000)
  region size 1024K, 68 young (69632K), 1 survivors (1024K)
 Metaspace       used 109772K, committed 110592K, reserved 1179648K
  class space    used 14222K, committed 14592K, reserved 1048576K
}
Event: 10.359 GC heap after
{Heap after GC invocations=24 (full 0):
 garbage-first heap   total 208896K, used 116980K [0x0000000080000000, 0x0000000100000000)
  region size 1024K, 9 young (9216K), 9 survivors (9216K)
 Metaspace       used 109772K, committed 110592K, reserved 1179648K
  class space    used 14222K, committed 14592K, reserved 1048576K
}
Event: 10.450 GC heap before
{Heap before GC invocations=25 (full 0):
 garbage-first heap   total 208896K, used 148724K [0x0000000080000000, 0x0000000100000000)
  region size 1024K, 53 young (54272K), 9 survivors (9216K)
 Metaspace       used 110025K, committed 110848K, reserved 1179648K
  class space    used 14228K, committed 14592K, reserved 1048576K
}
Event: 10.456 GC heap after
{Heap after GC invocations=26 (full 0):
 garbage-first heap   total 208896K, used 119352K [0x0000000080000000, 0x0000000100000000)
  region size 1024K, 7 young (7168K), 7 survivors (7168K)
 Metaspace       used 110025K, committed 110848K, reserved 1179648K
  class space    used 14228K, committed 14592K, reserved 1048576K
}
Event: 10.460 GC heap before
{Heap before GC invocations=26 (full 0):
 garbage-first heap   total 208896K, used 122424K [0x0000000080000000, 0x0000000100000000)
  region size 1024K, 10 young (10240K), 7 survivors (7168K)
 Metaspace       used 110039K, committed 110848K, reserved 1179648K
  class space    used 14228K, committed 14592K, reserved 1048576K
}

Dll operation events (15 events):
Event: 0.032 Loaded shared library C:\Program Files\Eclipse Adoptium\jdk-17.0.17.10-hotspot\bin\java.dll
Event: 0.043 Loaded shared library C:\Program Files\Eclipse Adoptium\jdk-17.0.17.10-hotspot\bin\jsvml.dll
Event: 0.082 Loaded shared library C:\Program Files\Eclipse Adoptium\jdk-17.0.17.10-hotspot\bin\zip.dll
Event: 0.087 Loaded shared library C:\Program Files\Eclipse Adoptium\jdk-17.0.17.10-hotspot\bin\instrument.dll
Event: 0.092 Loaded shared library C:\Program Files\Eclipse Adoptium\jdk-17.0.17.10-hotspot\bin\net.dll
Event: 0.094 Loaded shared library C:\Program Files\Eclipse Adoptium\jdk-17.0.17.10-hotspot\bin\nio.dll
Event: 0.096 Loaded shared library C:\Program Files\Eclipse Adoptium\jdk-17.0.17.10-hotspot\bin\zip.dll
Event: 0.239 Loaded shared library C:\Program Files\Eclipse Adoptium\jdk-17.0.17.10-hotspot\bin\jimage.dll
Event: 0.435 Loaded shared library C:\Program Files\Eclipse Adoptium\jdk-17.0.17.10-hotspot\bin\verify.dll
Event: 0.458 Loaded shared library C:\Users\Admin\.gradle\native\660c5614fbf4a5f2a75b1949f50a0caf5cd603558e7d8a26e50b933a0cfb79d1\windows-amd64\native-platform.dll
Event: 0.466 Loaded shared library C:\Users\Admin\.gradle\native\0.2.8\x86_64-windows-gnu\gradle-fileevents.dll
Event: 1.155 Loaded shared library C:\Program Files\Eclipse Adoptium\jdk-17.0.17.10-hotspot\bin\management.dll
Event: 1.160 Loaded shared library C:\Program Files\Eclipse Adoptium\jdk-17.0.17.10-hotspot\bin\management_ext.dll
Event: 1.271 Loaded shared library C:\Program Files\Eclipse Adoptium\jdk-17.0.17.10-hotspot\bin\extnet.dll
Event: 1.444 Loaded shared library C:\Program Files\Eclipse Adoptium\jdk-17.0.17.10-hotspot\bin\sunmscapi.dll

Deoptimization events (20 events):
Event: 10.392 Thread 0x0000016fc742eb70 DEOPT PACKING pc=0x0000016fe4941f0f sp=0x0000002f239f3ad0
Event: 10.392 Thread 0x0000016fc742eb70 DEOPT UNPACKING pc=0x0000016feb557143 sp=0x0000002f239f2ff0 mode 0
Event: 10.392 Thread 0x0000016fc742eb70 Uncommon trap: trap_request=0xffffff6e fr.pc=0x0000016febdbe018 relative=0x0000000000000818
Event: 10.392 Thread 0x0000016fc742eb70 Uncommon trap: reason=loop_limit_check action=maybe_recompile pc=0x0000016febdbe018 method=org.jetbrains.kotlin.com.intellij.openapi.util.text.StringUtilRt.lastIndexOf(Ljava/lang/CharSequence;CII)I @ 32 c2
Event: 10.392 Thread 0x0000016fc742eb70 DEOPT PACKING pc=0x0000016febdbe018 sp=0x0000002f239f3930
Event: 10.392 Thread 0x0000016fc742eb70 DEOPT UNPACKING pc=0x0000016feb5569a3 sp=0x0000002f239f3870 mode 2
Event: 10.392 Thread 0x0000016fc742eb70 Uncommon trap: trap_request=0xffffff6e fr.pc=0x0000016febd9a4a8 relative=0x0000000000000308
Event: 10.392 Thread 0x0000016fc742eb70 Uncommon trap: reason=loop_limit_check action=maybe_recompile pc=0x0000016febd9a4a8 method=org.jetbrains.kotlin.com.intellij.openapi.util.text.StringUtilRt.lastIndexOf(Ljava/lang/CharSequence;CII)I @ 32 c2
Event: 10.392 Thread 0x0000016fc742eb70 DEOPT PACKING pc=0x0000016febd9a4a8 sp=0x0000002f239f38c0
Event: 10.392 Thread 0x0000016fc742eb70 DEOPT UNPACKING pc=0x0000016feb5569a3 sp=0x0000002f239f3860 mode 2
Event: 10.393 Thread 0x0000016fc742eb70 DEOPT PACKING pc=0x0000016fe4941f0f sp=0x0000002f239f3b20
Event: 10.393 Thread 0x0000016fc742eb70 DEOPT UNPACKING pc=0x0000016feb557143 sp=0x0000002f239f3040 mode 0
Event: 10.394 Thread 0x0000016fc742eb70 DEOPT PACKING pc=0x0000016fe4941f0f sp=0x0000002f239f3ad0
Event: 10.394 Thread 0x0000016fc742eb70 DEOPT UNPACKING pc=0x0000016feb557143 sp=0x0000002f239f2ff0 mode 0
Event: 10.419 Thread 0x0000016fc742eb70 Uncommon trap: trap_request=0xffffffc6 fr.pc=0x0000016febc581bc relative=0x000000000000011c
Event: 10.419 Thread 0x0000016fc742eb70 Uncommon trap: reason=bimorphic_or_optimized_type_check action=maybe_recompile pc=0x0000016febc581bc method=org.jetbrains.kotlin.com.intellij.openapi.vfs.VfsUtilCore.isAncestor(Lorg/jetbrains/kotlin/com/intellij/openapi/vfs/VirtualFile;Lorg/jetbrains/kotl
Event: 10.419 Thread 0x0000016fc742eb70 DEOPT PACKING pc=0x0000016febc581bc sp=0x0000002f239f0880
Event: 10.419 Thread 0x0000016fc742eb70 DEOPT UNPACKING pc=0x0000016feb5569a3 sp=0x0000002f239f0810 mode 2
Event: 10.425 Thread 0x0000016fc742eb70 DEOPT PACKING pc=0x0000016fe4941f0f sp=0x0000002f239f0d80
Event: 10.425 Thread 0x0000016fc742eb70 DEOPT UNPACKING pc=0x0000016feb557143 sp=0x0000002f239f02a0 mode 0

Classes loaded (20 events):
Event: 9.791 Loading class javax/naming/NamingException
Event: 9.791 Loading class javax/naming/NamingException done
Event: 9.791 Loading class javax/naming/InvalidNameException
Event: 9.791 Loading class javax/naming/InvalidNameException done
Event: 9.791 Loading class java/security/cert/CertificateParsingException
Event: 9.792 Loading class java/security/cert/CertificateException
Event: 9.792 Loading class java/security/cert/CertificateException done
Event: 9.792 Loading class java/security/cert/CertificateParsingException done
Event: 9.956 Loading class sun/reflect/ReflectionFactory
Event: 9.956 Loading class sun/reflect/ReflectionFactory done
Event: 9.956 Loading class sun/reflect/ReflectionFactory$1
Event: 9.956 Loading class sun/reflect/ReflectionFactory$1 done
Event: 10.029 Loading class java/util/stream/SortedOps
Event: 10.041 Loading class java/util/stream/SortedOps done
Event: 10.041 Loading class java/util/stream/SortedOps$OfRef
Event: 10.042 Loading class java/util/stream/SortedOps$OfRef done
Event: 10.042 Loading class java/util/stream/SortedOps$SizedRefSortingSink
Event: 10.042 Loading class java/util/stream/SortedOps$AbstractRefSortingSink
Event: 10.043 Loading class java/util/stream/SortedOps$AbstractRefSortingSink done
Event: 10.043 Loading class java/util/stream/SortedOps$SizedRefSortingSink done

Classes unloaded (0 events):
No events

Classes redefined (0 events):
No events

Internal exceptions (20 events):
Event: 8.885 Thread 0x0000016fc742eb70 Exception <a 'java/lang/NoSuchMethodError'{0x000000008b9abb80}: 'java.lang.Object java.lang.invoke.DirectMethodHandle$Holder.newInvokeSpecial(java.lang.Object, java.lang.Object, java.lang.Object, long, java.lang.Object)'> (0x000000008b9abb80) 
thrown [s\src\hotspot\share\interpreter\linkResolver.cpp, line 759]
Event: 8.885 Thread 0x0000016fc742eb70 Exception <a 'java/lang/NoSuchMethodError'{0x000000008b9b0830}: 'java.lang.Object java.lang.invoke.DirectMethodHandle$Holder.invokeSpecial(java.lang.Object, java.lang.Object, java.lang.Object, java.lang.Object, long, java.lang.Object)'> (0x000000008b9b0830) 
thrown [s\src\hotspot\share\interpreter\linkResolver.cpp, line 759]
Event: 8.885 Thread 0x0000016fc742eb70 Exception <a 'java/lang/NoSuchMethodError'{0x000000008b9b5018}: 'java.lang.Object java.lang.invoke.Invokers$Holder.linkToTargetMethod(java.lang.Object, java.lang.Object, long, java.lang.Object, java.lang.Object)'> (0x000000008b9b5018) 
thrown [s\src\hotspot\share\interpreter\linkResolver.cpp, line 759]
Event: 8.992 Thread 0x0000016fc742eb70 Exception <a 'java/lang/NoSuchMethodError'{0x000000008af16378}: 'void java.lang.invoke.DirectMethodHandle$Holder.invokeInterface(java.lang.Object, java.lang.Object)'> (0x000000008af16378) 
thrown [s\src\hotspot\share\interpreter\linkResolver.cpp, line 759]
Event: 9.687 Thread 0x0000016fc742eb70 Exception <a 'java/lang/IncompatibleClassChangeError'{0x000000008af75718}: Found class java.lang.Object, but interface was expected> (0x000000008af75718) 
thrown [s\src\hotspot\share\interpreter\linkResolver.cpp, line 826]
Event: 9.843 Thread 0x0000016fc742eb70 Exception <a 'java/lang/NoSuchMethodError'{0x0000000089e465e0}: 'int java.lang.invoke.DirectMethodHandle$Holder.invokeSpecialIFC(java.lang.Object, java.lang.Object, java.lang.Object)'> (0x0000000089e465e0) 
thrown [s\src\hotspot\share\interpreter\linkResolver.cpp, line 759]
Event: 9.876 Thread 0x0000016fc742eb70 Exception <a 'java/lang/NoSuchMethodError'{0x0000000089761768}: 'void java.lang.invoke.DirectMethodHandle$Holder.invokeSpecial(java.lang.Object, java.lang.Object, long, java.lang.Object, java.lang.Object)'> (0x0000000089761768) 
thrown [s\src\hotspot\share\interpreter\linkResolver.cpp, line 759]
Event: 9.876 Thread 0x0000016fc742eb70 Exception <a 'java/lang/NoSuchMethodError'{0x0000000089769c00}: 'java.lang.Object java.lang.invoke.DirectMethodHandle$Holder.newInvokeSpecial(java.lang.Object, java.lang.Object, long, java.lang.Object)'> (0x0000000089769c00) 
thrown [s\src\hotspot\share\interpreter\linkResolver.cpp, line 759]
Event: 9.876 Thread 0x0000016fc742eb70 Exception <a 'java/lang/NoSuchMethodError'{0x000000008976e9b8}: 'java.lang.Object java.lang.invoke.DirectMethodHandle$Holder.invokeSpecial(java.lang.Object, java.lang.Object, java.lang.Object, long, java.lang.Object)'> (0x000000008976e9b8) 
thrown [s\src\hotspot\share\interpreter\linkResolver.cpp, line 759]
Event: 9.876 Thread 0x0000016fc742eb70 Exception <a 'java/lang/NoSuchMethodError'{0x00000000897730b8}: 'java.lang.Object java.lang.invoke.Invokers$Holder.linkToTargetMethod(java.lang.Object, long, java.lang.Object, java.lang.Object)'> (0x00000000897730b8) 
thrown [s\src\hotspot\share\interpreter\linkResolver.cpp, line 759]
Event: 9.877 Thread 0x0000016fc742eb70 Exception <a 'java/lang/NoSuchMethodError'{0x000000008979df30}: 'void java.lang.invoke.DirectMethodHandle$Holder.invokeStatic(java.lang.Object, java.lang.Object, java.lang.Object, int, java.lang.Object)'> (0x000000008979df30) 
thrown [s\src\hotspot\share\interpreter\linkResolver.cpp, line 759]
Event: 9.888 Thread 0x0000016fc742eb70 Exception <a 'java/lang/NoSuchMethodError'{0x0000000089552238}: 'int java.lang.invoke.DirectMethodHandle$Holder.invokeInterface(java.lang.Object, java.lang.Object, java.lang.Object, java.lang.Object, java.lang.Object)'> (0x0000000089552238) 
thrown [s\src\hotspot\share\interpreter\linkResolver.cpp, line 759]
Event: 9.912 Thread 0x0000016fc742eb70 Exception <a 'java/lang/NoSuchMethodError'{0x0000000089217bc0}: 'java.lang.Object java.lang.invoke.DirectMethodHandle$Holder.invokeSpecial(java.lang.Object, java.lang.Object, long, java.lang.Object, java.lang.Object)'> (0x0000000089217bc0) 
thrown [s\src\hotspot\share\interpreter\linkResolver.cpp, line 759]
Event: 9.957 Thread 0x0000016fc742eb70 Exception <a 'java/lang/NoSuchMethodError'{0x0000000088e111f0}: 'java.lang.Object java.lang.invoke.DirectMethodHandle$Holder.newInvokeSpecial(java.lang.Object, java.lang.Object, java.lang.Object, java.lang.Object, int, java.lang.Object)'> (0x0000000088e111f0) 
thrown [s\src\hotspot\share\interpreter\linkResolver.cpp, line 759]
Event: 9.958 Thread 0x0000016fc742eb70 Exception <a 'java/lang/NoSuchMethodError'{0x0000000088e16718}: 'java.lang.Object java.lang.invoke.DirectMethodHandle$Holder.invokeSpecial(java.lang.Object, java.lang.Object, java.lang.Object, java.lang.Object, java.lang.Object, int, java.lang.Object)'> (0x0000000088e16718) 
thrown [s\src\hotspot\share\interpreter\linkResolver.cpp, line 759]
Event: 9.958 Thread 0x0000016fc742eb70 Exception <a 'java/lang/NoSuchMethodError'{0x0000000088e1b290}: 'java.lang.Object java.lang.invoke.Invokers$Holder.linkToTargetMethod(java.lang.Object, java.lang.Object, java.lang.Object, int, java.lang.Object, java.lang.Object)'> (0x0000000088e1b290) 
thrown [s\src\hotspot\share\interpreter\linkResolver.cpp, line 759]
Event: 9.994 Thread 0x0000016fc742eb70 Exception <a 'java/lang/NoSuchMethodError'{0x0000000088a29ef0}: 'java.lang.Object java.lang.invoke.DirectMethodHandle$Holder.invokeSpecialIFC(java.lang.Object, java.lang.Object, java.lang.Object)'> (0x0000000088a29ef0) 
thrown [s\src\hotspot\share\interpreter\linkResolver.cpp, line 759]
Event: 10.079 Thread 0x0000016fc742eb70 Exception <a 'java/lang/NoSuchMethodError'{0x000000009924e700}: 'long java.lang.invoke.DirectMethodHandle$Holder.invokeStatic(java.lang.Object, java.lang.Object)'> (0x000000009924e700) 
thrown [s\src\hotspot\share\interpreter\linkResolver.cpp, line 759]
Event: 10.275 Thread 0x0000016fc742eb70 Exception <a 'sun/nio/fs/WindowsException'{0x000000008b42d728}> (0x000000008b42d728) 
thrown [s\src\hotspot\share\prims\jni.cpp, line 516]
Event: 10.275 Thread 0x0000016fc742eb70 Exception <a 'sun/nio/fs/WindowsException'{0x000000008b42f528}> (0x000000008b42f528) 
thrown [s\src\hotspot\share\prims\jni.cpp, line 516]

VM Operations (20 events):
Event: 9.907 Executing VM operation: HandshakeAllThreads done
Event: 10.057 Executing VM operation: G1CollectForAllocation
Event: 10.060 Executing VM operation: G1CollectForAllocation done
Event: 10.086 Executing VM operation: HandshakeAllThreads
Event: 10.086 Executing VM operation: HandshakeAllThreads done
Event: 10.096 Executing VM operation: G1CollectForAllocation
Event: 10.098 Executing VM operation: G1CollectForAllocation done
Event: 10.119 Executing VM operation: HandshakeAllThreads
Event: 10.119 Executing VM operation: HandshakeAllThreads done
Event: 10.262 Executing VM operation: HandshakeAllThreads
Event: 10.262 Executing VM operation: HandshakeAllThreads done
Event: 10.354 Executing VM operation: G1CollectForAllocation
Event: 10.359 Executing VM operation: G1CollectForAllocation done
Event: 10.384 Executing VM operation: G1PauseRemark
Event: 10.387 Executing VM operation: G1PauseRemark done
Event: 10.399 Executing VM operation: G1PauseCleanup
Event: 10.399 Executing VM operation: G1PauseCleanup done
Event: 10.450 Executing VM operation: G1CollectForAllocation
Event: 10.456 Executing VM operation: G1CollectForAllocation done
Event: 10.460 Executing VM operation: G1CollectForAllocation

Memory protections (0 events):
No events

Nmethod flushes (20 events):
Event: 10.268 Thread 0x0000016ffaec4f20 flushing  nmethod 0x0000016fe4c02d10
Event: 10.268 Thread 0x0000016ffaec4f20 flushing  nmethod 0x0000016fe4c0d610
Event: 10.268 Thread 0x0000016ffaec4f20 flushing  nmethod 0x0000016fe4c1ad90
Event: 10.268 Thread 0x0000016ffaec4f20 flushing  nmethod 0x0000016fe4c87b10
Event: 10.268 Thread 0x0000016ffaec4f20 flushing  nmethod 0x0000016fe4c94790
Event: 10.268 Thread 0x0000016ffaec4f20 flushing  nmethod 0x0000016fe4cbc590
Event: 10.268 Thread 0x0000016ffaec4f20 flushing  nmethod 0x0000016fe4cc3310
Event: 10.268 Thread 0x0000016ffaec4f20 flushing  nmethod 0x0000016fe4d24790
Event: 10.268 Thread 0x0000016ffaec4f20 flushing  nmethod 0x0000016fe4d39310
Event: 10.268 Thread 0x0000016ffaec4f20 flushing  nmethod 0x0000016fe4d3ad90
Event: 10.268 Thread 0x0000016ffaec4f20 flushing  nmethod 0x0000016fe4dacd90
Event: 10.268 Thread 0x0000016ffaec4f20 flushing  nmethod 0x0000016fe4e1d610
Event: 10.268 Thread 0x0000016ffaec4f20 flushing  nmethod 0x0000016fe4e70010
Event: 10.268 Thread 0x0000016ffaec4f20 flushing  nmethod 0x0000016fe4e82610
Event: 10.269 Thread 0x0000016ffaec4f20 flushing  nmethod 0x0000016fe4f97610
Event: 10.269 Thread 0x0000016ffaec4f20 flushing  nmethod 0x0000016fe4f98410
Event: 10.269 Thread 0x0000016ffaec4f20 flushing  nmethod 0x0000016fe4f9a810
Event: 10.269 Thread 0x0000016ffaec4f20 flushing  nmethod 0x0000016fe4fa3790
Event: 10.269 Thread 0x0000016ffaec4f20 flushing  nmethod 0x0000016fe4fa4990
Event: 10.269 Thread 0x0000016ffaec4f20 flushing  nmethod 0x0000016fe50a0f90

Events (20 events):
Event: 4.246 Thread 0x0000016fc742eb70 Thread added: 0x0000016fc9b1dac0
Event: 4.259 Thread 0x0000016fc742eb70 Thread added: 0x0000016fc9b1fe30
Event: 4.285 Thread 0x0000016fc742eb70 Thread added: 0x0000016fc9b1d0a0
Event: 4.880 Thread 0x0000016fc5159080 Thread exited: 0x0000016fc5159080
Event: 4.917 Thread 0x0000016fc515b060 Thread exited: 0x0000016fc515b060
Event: 5.639 Thread 0x0000016ffacbb480 Thread added: 0x0000016fc5159080
Event: 5.642 Thread 0x0000016ffacbb480 Thread added: 0x0000016fc515ab10
Event: 6.394 Thread 0x0000016fc515ab10 Thread exited: 0x0000016fc515ab10
Event: 6.744 Thread 0x0000016ffacbb480 Thread added: 0x0000016fc9673d90
Event: 8.607 Thread 0x0000016fc9673d90 Thread exited: 0x0000016fc9673d90
Event: 8.607 Thread 0x0000016fc5159080 Thread exited: 0x0000016fc5159080
Event: 8.812 Thread 0x0000016ffacbb480 Thread added: 0x0000016fc96752d0
Event: 8.832 Thread 0x0000016ffacbb480 Thread added: 0x0000016fc9675820
Event: 9.189 Thread 0x0000016fc96752d0 Thread exited: 0x0000016fc96752d0
Event: 9.189 Thread 0x0000016fc9675820 Thread exited: 0x0000016fc9675820
Event: 9.933 Thread 0x0000016fc742eb70 Thread added: 0x0000016fc6726b40
Event: 9.972 Thread 0x0000016fc742eb70 Thread added: 0x0000016fc6727050
Event: 9.995 Thread 0x0000016fc742eb70 Thread added: 0x0000017006a35540
Event: 10.283 Thread 0x0000016ffacbb480 Thread added: 0x0000016fc9676d60
Event: 10.286 Thread 0x0000016ffacbb480 Thread added: 0x0000016fc9673840


Dynamic libraries:
0x00007ff60b970000 - 0x00007ff60b97e000 	C:\Program Files\Eclipse Adoptium\jdk-17.0.17.10-hotspot\bin\java.exe
0x00007ffe44a20000 - 0x00007ffe44c87000 	C:\WINDOWS\SYSTEM32\ntdll.dll
0x00007ffe43350000 - 0x00007ffe43419000 	C:\WINDOWS\System32\KERNEL32.DLL
0x00007ffe41440000 - 0x00007ffe41834000 	C:\WINDOWS\System32\KERNELBASE.dll
0x00007ffe3eb50000 - 0x00007ffe3ebef000 	C:\WINDOWS\SYSTEM32\apphelp.dll
0x00007ffe412f0000 - 0x00007ffe4143b000 	C:\WINDOWS\System32\ucrtbase.dll
0x00007ffe25d30000 - 0x00007ffe25d4e000 	C:\Program Files\Eclipse Adoptium\jdk-17.0.17.10-hotspot\bin\VCRUNTIME140.dll
0x00007ffe25ac0000 - 0x00007ffe25ad8000 	C:\Program Files\Eclipse Adoptium\jdk-17.0.17.10-hotspot\bin\jli.dll
0x00007ffe42cc0000 - 0x00007ffe42e85000 	C:\WINDOWS\System32\USER32.dll
0x00007ffe32960000 - 0x00007ffe32bf3000 	C:\WINDOWS\WinSxS\amd64_microsoft.windows.common-controls_6595b64144ccf1df_6.0.26100.8115_none_3e075c82e3354f9c\COMCTL32.dll
0x00007ffe41f10000 - 0x00007ffe41f37000 	C:\WINDOWS\System32\win32u.dll
0x00007ffe44140000 - 0x00007ffe441e9000 	C:\WINDOWS\System32\msvcrt.dll
0x00007ffe42b60000 - 0x00007ffe42b8b000 	C:\WINDOWS\System32\GDI32.dll
0x00007ffe41c70000 - 0x00007ffe41d9b000 	C:\WINDOWS\System32\gdi32full.dll
0x00007ffe41980000 - 0x00007ffe41a23000 	C:\WINDOWS\System32\msvcp_win.dll
0x00007ffe42c80000 - 0x00007ffe42cb2000 	C:\WINDOWS\System32\IMM32.DLL
0x00007ffe25ca0000 - 0x00007ffe25cac000 	C:\Program Files\Eclipse Adoptium\jdk-17.0.17.10-hotspot\bin\vcruntime140_1.dll
0x00007ffdea3e0000 - 0x00007ffdea46d000 	C:\Program Files\Eclipse Adoptium\jdk-17.0.17.10-hotspot\bin\msvcp140.dll
0x00007ffd8aa80000 - 0x00007ffd8b6eb000 	C:\Program Files\Eclipse Adoptium\jdk-17.0.17.10-hotspot\bin\server\jvm.dll
0x00007ffe42fd0000 - 0x00007ffe43086000 	C:\WINDOWS\System32\ADVAPI32.dll
0x00007ffe427b0000 - 0x00007ffe42857000 	C:\WINDOWS\System32\sechost.dll
0x00007ffe43230000 - 0x00007ffe43348000 	C:\WINDOWS\System32\RPCRT4.dll
0x00007ffe43090000 - 0x00007ffe43110000 	C:\WINDOWS\System32\WS2_32.dll
0x00007ffe41170000 - 0x00007ffe411ce000 	C:\WINDOWS\SYSTEM32\POWRPROF.dll
0x00007ffe3ad30000 - 0x00007ffe3ad3b000 	C:\WINDOWS\SYSTEM32\VERSION.dll
0x00007ffe387a0000 - 0x00007ffe387d6000 	C:\WINDOWS\SYSTEM32\WINMM.dll
0x00007ffe41150000 - 0x00007ffe41164000 	C:\WINDOWS\SYSTEM32\UMPDC.dll
0x00007ffe40040000 - 0x00007ffe4005b000 	C:\WINDOWS\SYSTEM32\kernel.appcore.dll
0x00007ffe25ab0000 - 0x00007ffe25aba000 	C:\Program Files\Eclipse Adoptium\jdk-17.0.17.10-hotspot\bin\jimage.dll
0x00007ffe3b070000 - 0x00007ffe3b2b2000 	C:\WINDOWS\SYSTEM32\DBGHELP.DLL
0x00007ffe43be0000 - 0x00007ffe43f62000 	C:\WINDOWS\System32\combase.dll
0x00007ffe42ef0000 - 0x00007ffe42fc8000 	C:\WINDOWS\System32\OLEAUT32.dll
0x00007ffe2b170000 - 0x00007ffe2b1ab000 	C:\WINDOWS\SYSTEM32\dbgcore.DLL
0x00007ffe41840000 - 0x00007ffe418e5000 	C:\WINDOWS\System32\bcryptPrimitives.dll
0x00007ffe22c20000 - 0x00007ffe22c2e000 	C:\Program Files\Eclipse Adoptium\jdk-17.0.17.10-hotspot\bin\instrument.dll
0x00007ffdebf70000 - 0x00007ffdebf95000 	C:\Program Files\Eclipse Adoptium\jdk-17.0.17.10-hotspot\bin\java.dll
0x00007ffdea300000 - 0x00007ffdea3d7000 	C:\Program Files\Eclipse Adoptium\jdk-17.0.17.10-hotspot\bin\jsvml.dll
0x00007ffe441f0000 - 0x00007ffe44957000 	C:\WINDOWS\System32\SHELL32.dll
0x00007ffe41da0000 - 0x00007ffe41f0a000 	C:\WINDOWS\System32\wintypes.dll
0x00007ffe41f40000 - 0x00007ffe427a8000 	C:\WINDOWS\System32\windows.storage.dll
0x00007ffe42a60000 - 0x00007ffe42b58000 	C:\WINDOWS\System32\SHCORE.dll
0x00007ffe42c00000 - 0x00007ffe42c66000 	C:\WINDOWS\System32\shlwapi.dll
0x00007ffe41210000 - 0x00007ffe41239000 	C:\WINDOWS\SYSTEM32\profapi.dll
0x00007ffe21580000 - 0x00007ffe21598000 	C:\Program Files\Eclipse Adoptium\jdk-17.0.17.10-hotspot\bin\zip.dll
0x00007ffe1f1f0000 - 0x00007ffe1f20a000 	C:\Program Files\Eclipse Adoptium\jdk-17.0.17.10-hotspot\bin\net.dll
0x00007ffe3ad40000 - 0x00007ffe3ae6d000 	C:\WINDOWS\SYSTEM32\WINHTTP.dll
0x00007ffe40590000 - 0x00007ffe405fc000 	C:\WINDOWS\system32\mswsock.dll
0x00007ffe1ecf0000 - 0x00007ffe1ed06000 	C:\Program Files\Eclipse Adoptium\jdk-17.0.17.10-hotspot\bin\nio.dll
0x00007ffe22c10000 - 0x00007ffe22c20000 	C:\Program Files\Eclipse Adoptium\jdk-17.0.17.10-hotspot\bin\verify.dll
0x00007ffe3d560000 - 0x00007ffe3d587000 	C:\Users\Admin\.gradle\native\660c5614fbf4a5f2a75b1949f50a0caf5cd603558e7d8a26e50b933a0cfb79d1\windows-amd64\native-platform.dll
0x00007ffe2aa10000 - 0x00007ffe2aa87000 	C:\Users\Admin\.gradle\native\0.2.8\x86_64-windows-gnu\gradle-fileevents.dll
0x00007ffe22370000 - 0x00007ffe2237a000 	C:\Program Files\Eclipse Adoptium\jdk-17.0.17.10-hotspot\bin\management.dll
0x00007ffe1d920000 - 0x00007ffe1d92c000 	C:\Program Files\Eclipse Adoptium\jdk-17.0.17.10-hotspot\bin\management_ext.dll
0x00007ffe42c70000 - 0x00007ffe42c78000 	C:\WINDOWS\System32\PSAPI.DLL
0x00007ffe3fa20000 - 0x00007ffe3fa52000 	C:\WINDOWS\SYSTEM32\IPHLPAPI.DLL
0x00007ffe42bf0000 - 0x00007ffe42bfa000 	C:\WINDOWS\System32\NSI.dll
0x00007ffe3ac30000 - 0x00007ffe3ac4d000 	C:\WINDOWS\SYSTEM32\dhcpcsvc6.DLL
0x00007ffe3ac00000 - 0x00007ffe3ac25000 	C:\WINDOWS\SYSTEM32\dhcpcsvc.DLL
0x00007ffe3fa60000 - 0x00007ffe3fb92000 	C:\WINDOWS\SYSTEM32\DNSAPI.dll
0x00007ffe1d910000 - 0x00007ffe1d919000 	C:\Program Files\Eclipse Adoptium\jdk-17.0.17.10-hotspot\bin\extnet.dll
0x00007ffe40990000 - 0x00007ffe409ab000 	C:\WINDOWS\SYSTEM32\CRYPTSP.dll
0x00007ffe3ffa0000 - 0x00007ffe3ffd9000 	C:\WINDOWS\system32\rsaenh.dll
0x00007ffe40640000 - 0x00007ffe40673000 	C:\WINDOWS\SYSTEM32\USERENV.dll
0x00007ffe411e0000 - 0x00007ffe4120a000 	C:\WINDOWS\SYSTEM32\bcrypt.dll
0x00007ffe407f0000 - 0x00007ffe407fc000 	C:\WINDOWS\SYSTEM32\CRYPTBASE.dll
0x00007ffe1c1a0000 - 0x00007ffe1c1ae000 	C:\Program Files\Eclipse Adoptium\jdk-17.0.17.10-hotspot\bin\sunmscapi.dll
0x00007ffe41af0000 - 0x00007ffe41c67000 	C:\WINDOWS\System32\CRYPT32.dll
0x00007ffe40af0000 - 0x00007ffe40b20000 	C:\WINDOWS\SYSTEM32\ncrypt.dll
0x00007ffe40aa0000 - 0x00007ffe40adf000 	C:\WINDOWS\SYSTEM32\NTASN1.dll
0x00007ffdf3610000 - 0x00007ffdf3618000 	C:\WINDOWS\system32\wshunix.dll

dbghelp: loaded successfully - version: 4.0.5 - missing functions: none
symbol engine: initialized successfully - sym options: 0x614 - pdb path: .;C:\Program Files\Eclipse Adoptium\jdk-17.0.17.10-hotspot\bin;C:\WINDOWS\SYSTEM32;C:\WINDOWS\WinSxS\amd64_microsoft.windows.common-controls_6595b64144ccf1df_6.0.26100.8115_none_3e075c82e3354f9c;C:\Program Files\Eclipse Adoptium\jdk-17.0.17.10-hotspot\bin\server;C:\Users\Admin\.gradle\native\660c5614fbf4a5f2a75b1949f50a0caf5cd603558e7d8a26e50b933a0cfb79d1\windows-amd64;C:\Users\Admin\.gradle\native\0.2.8\x86_64-windows-gnu

VM Arguments:
jvm_args: --add-opens=java.base/java.lang=ALL-UNNAMED --add-opens=java.base/java.lang.invoke=ALL-UNNAMED --add-opens=java.base/java.util=ALL-UNNAMED --add-opens=java.prefs/java.util.prefs=ALL-UNNAMED --add-exports=jdk.compiler/com.sun.tools.javac.api=ALL-UNNAMED --add-exports=jdk.compiler/com.sun.tools.javac.util=ALL-UNNAMED --add-opens=java.base/java.util=ALL-UNNAMED --add-opens=java.prefs/java.util.prefs=ALL-UNNAMED --add-opens=java.base/java.nio.charset=ALL-UNNAMED --add-opens=java.base/java.net=ALL-UNNAMED --add-opens=java.base/java.util.concurrent=ALL-UNNAMED --add-opens=java.base/java.util.concurrent.atomic=ALL-UNNAMED --add-opens=java.xml/javax.xml.namespace=ALL-UNNAMED --add-opens=java.base/java.time=ALL-UNNAMED -Xmx2048m -Dfile.encoding=UTF-8 -Duser.country=PH -Duser.language=en -Duser.variant -javaagent:C:\Users\Admin\.gradle\wrapper\dists\gradle-9.2.1-bin\2t0n5ozlw9xmuyvbp7dnzaxug\gradle-9.2.1\lib\agents\gradle-instrumentation-agent-9.2.1.jar 
java_command: org.gradle.launcher.daemon.bootstrap.GradleDaemon 9.2.1
java_class_path (initial): C:\Users\Admin\.gradle\wrapper\dists\gradle-9.2.1-bin\2t0n5ozlw9xmuyvbp7dnzaxug\gradle-9.2.1\lib\gradle-daemon-main-9.2.1.jar
Launcher Type: SUN_STANDARD

[Global flags]
     intx CICompilerCount                          = 4                                         {product} {ergonomic}
     uint ConcGCThreads                            = 3                                         {product} {ergonomic}
     uint G1ConcRefinementThreads                  = 10                                        {product} {ergonomic}
   size_t G1HeapRegionSize                         = 1048576                                   {product} {ergonomic}
    uintx GCDrainStackTargetSize                   = 64                                        {product} {ergonomic}
   size_t InitialHeapSize                          = 526385152                                 {product} {ergonomic}
   size_t MarkStackSize                            = 4194304                                   {product} {ergonomic}
   size_t MaxHeapSize                              = 2147483648                                {product} {command line}
   size_t MaxNewSize                               = 1287651328                                {product} {ergonomic}
   size_t MinHeapDeltaBytes                        = 1048576                                   {product} {ergonomic}
   size_t MinHeapSize                              = 8388608                                   {product} {ergonomic}
    uintx NonNMethodCodeHeapSize                   = 5839372                                {pd product} {ergonomic}
    uintx NonProfiledCodeHeapSize                  = 122909434                              {pd product} {ergonomic}
    uintx ProfiledCodeHeapSize                     = 122909434                              {pd product} {ergonomic}
    uintx ReservedCodeCacheSize                    = 251658240                              {pd product} {ergonomic}
     bool SegmentedCodeCache                       = true                                      {product} {ergonomic}
   size_t SoftMaxHeapSize                          = 2147483648                             {manageable} {ergonomic}
     bool UseCompressedClassPointers               = true                           {product lp64_product} {ergonomic}
     bool UseCompressedOops                        = true                           {product lp64_product} {ergonomic}
     bool UseG1GC                                  = true                                      {product} {ergonomic}
     bool UseLargePagesIndividualAllocation        = false                                  {pd product} {ergonomic}

Logging:
Log output configuration:
 #0: stdout all=warning uptime,level,tags
 #1: stderr all=off uptime,level,tags

Environment Variables:
PATH=C:\Program Files\Eclipse Adoptium\jdk-17.0.17.10-hotspot\bin;C:\Program Files\Common Files\Oracle\Java\javapath;C:\WINDOWS\system32;C:\WINDOWS;C:\WINDOWS\System32\Wbem;C:\WINDOWS\System32\WindowsPowerShell\v1.0\;C:\WINDOWS\System32\OpenSSH\;c:\Users\Admin\AppData\Local\Programs\cursor\resources\app\bin;c:\Users\Admin\AppData\Local\Programs\cursor\resources\app\bin;C:\Program Files\Git\cmd;C:\composer;C:\Program Files (x86)\Microsoft SQL Server\160\Tools\Binn\;C:\Program Files\Microsoft SQL Server\160\Tools\Binn\;C:\Program Files\Microsoft SQL Server\Client SDK\ODBC\170\Tools\Binn\;C:\Program Files\Microsoft SQL Server\160\DTS\Binn\;C:\Program Files\dotnet\;D:\Program Files\nodejs\;C:\xampp\php;C:\Users\Admin\AppData\Local\Programs\Microsoft VS Code\bin;C:\Users\Admin\AppData\Local\Programs\cursor\resources\app\bin;C:\Users\Admin\AppData\Roaming\Composer\vendor\bin;C:\Users\Admin\.dotnet\tools;C:\Users\Admin\AppData\Local\Programs\Windsurf\bin;C:\Users\Admin\AppData\Roaming\npm
USERNAME=Admin
OS=Windows_NT
PROCESSOR_IDENTIFIER=AMD64 Family 25 Model 80 Stepping 0, AuthenticAMD
TMP=C:\Users\Admin\AppData\Local\Temp
TEMP=C:\Users\Admin\AppData\Local\Temp



Periodic native trim disabled


---------------  S Y S T E M  ---------------

OS:
 Windows 11 , 64 bit Build 26100 (10.0.26100.8246)
OS uptime: 0 days 0:54 hours
Hyper-V role detected

CPU: total 12 (initial active 12) (12 cores per cpu, 2 threads per core) family 25 model 80 stepping 0 microcode 0xa50000f, cx8, cmov, fxsr, ht, mmx, 3dnowpref, sse, sse2, sse3, ssse3, sse4a, sse4.1, sse4.2, popcnt, lzcnt, tsc, tscinvbit, avx, avx2, aes, erms, clmul, bmi1, bmi2, adx, sha, fma, vzeroupper, clflush, clflushopt, hv
Processor Information for all 12 processors :
  Max Mhz: 3600, Current Mhz: 3600, Mhz Limit: 3600

Memory: 4k page, system-wide physical 32124M (16926M free)
TotalPageFile size 34172M (AvailPageFile size 17112M)
current process WorkingSet (physical memory assigned to process): 518M, peak: 522M
current process commit charge ("private bytes"): 560M, peak: 720M

vm_info: OpenJDK 64-Bit Server VM (17.0.17+10) for windows-amd64 JRE (17.0.17+10), built on Oct 21 2025 23:25:32 by "admin" with unknown MS VC++:1942

END.
